Using pre-set license
Built from '2020.2/release' branch; Version is '2020.2.1f1 (270dd8c3da1c) revision 2559448'; Using compiler version '192528614'; Build Type 'Release'
OS: 'Windows 10  (10.0.0) 64bit' Language: 'en' Physical Memory: 16342 MB
BatchMode: 1, IsHumanControllingUs: 0, StartBugReporterOnCrash: 0, Is64bit: 1, IsPro: 0

 COMMAND LINE ARGUMENTS:
C:\Program Files\Unity\Hub\Editor\2020.2.1f1\Editor\Unity.exe
-adb2
-batchMode
-noUpm
-name
AssetImportWorker0
-projectPath
C:/Users/ssnee/Documents/GitHub/MultiplayerCollab
-logFile
Logs/AssetImportWorker0.log
-srvPort
56108
Successfully changed project path to: C:/Users/ssnee/Documents/GitHub/MultiplayerCollab
C:/Users/ssnee/Documents/GitHub/MultiplayerCollab
Using Asset Import Pipeline V2.
Refreshing native plugins compatible for Editor in 86.25 ms, found 0 plugins.
Preloading 0 native plugins for Editor in 0.00 ms.
Initialize engine version: 2020.2.1f1 (270dd8c3da1c)
[Subsystems] Discovering subsystems at path C:/Program Files/Unity/Hub/Editor/2020.2.1f1/Editor/Data/Resources/UnitySubsystems
[Subsystems] Discovering subsystems at path C:/Users/ssnee/Documents/GitHub/MultiplayerCollab/Assets
GfxDevice: creating device client; threaded=0
Direct3D:
    Version:  Direct3D 11.0 [level 11.1]
    Renderer: NVIDIA GeForce GTX 1060 6GB (ID=0x1c03)
    Vendor:   
    VRAM:     6052 MB
    Driver:   27.21.14.6089
Initialize mono
Mono path[0] = 'C:/Program Files/Unity/Hub/Editor/2020.2.1f1/Editor/Data/Managed'
Mono path[1] = 'C:/Program Files/Unity/Hub/Editor/2020.2.1f1/Editor/Data/MonoBleedingEdge/lib/mono/unityjit'
Mono config path = 'C:/Program Files/Unity/Hub/Editor/2020.2.1f1/Editor/Data/MonoBleedingEdge/etc'
Using monoOptions --debugger-agent=transport=dt_socket,embedding=1,server=y,suspend=n,address=127.0.0.1:56280
Begin MonoManager ReloadAssembly
Registering precompiled unity dll's ...
Register platform support module: C:/Program Files/Unity/Hub/Editor/2020.2.1f1/Editor/Data/PlaybackEngines/WebGLSupport/UnityEditor.WebGL.Extensions.dll
Register platform support module: C:/Program Files/Unity/Hub/Editor/2020.2.1f1/Editor/Data/PlaybackEngines/WindowsStandaloneSupport/UnityEditor.WindowsStandalone.Extensions.dll
Registered in 0.003316 seconds.
Native extension for WindowsStandalone target not found
Native extension for WebGL target not found
Refreshing native plugins compatible for Editor in 167.05 ms, found 0 plugins.
Preloading 0 native plugins for Editor in 0.00 ms.
Invoked RoslynAnalysisRunner static constructor.
RoslynAnalysisRunner will not be running.
RoslynAnalysisRunner has terminated.
Mono: successfully reloaded assembly
- Completed reload, in  3.284 seconds
Platform modules already initialized, skipping
Registering precompiled user dll's ...
Registered in 0.007140 seconds.
Begin MonoManager ReloadAssembly
Native extension for WindowsStandalone target not found
Native extension for WebGL target not found
Refreshing native plugins compatible for Editor in 106.56 ms, found 0 plugins.
Preloading 0 native plugins for Editor in 0.00 ms.
Invoked RoslynAnalysisRunner static constructor.
RoslynAnalysisRunner will not be running.
RoslynAnalysisRunner has terminated.
Find all reader and writers took 149 milliseconds
Script Module: UnityEngine.UI.dll
Weave behaviours and messages took125 milliseconds
Find all reader and writers took 117 milliseconds
Script Module: NaughtyAttributes.Test.dll
Weave behaviours and messages took6 milliseconds
Find all reader and writers took 122 milliseconds
Script Module: Unity.RenderPipelines.Core.Runtime.dll
Weave behaviours and messages took85 milliseconds
Find all reader and writers took 223 milliseconds
Script Module: UnityEngine.TestRunner.dll
Weave behaviours and messages took50 milliseconds
Find all reader and writers took 186 milliseconds
Script Module: Unity.Mathematics.dll
Weave behaviours and messages took360 milliseconds
Find all reader and writers took 98 milliseconds
Script Module: SimpleWebTransport.dll
Weave behaviours and messages took10 milliseconds
Find all reader and writers took 130 milliseconds
Script Module: Mirror.Examples.dll
[Projectile] NetworkBehaviourProcessor
[Tank] NetworkBehaviourProcessor
[NetworkRoomPlayer] NetworkBehaviourProcessor
[NetworkRoomPlayerExt] NetworkBehaviourProcessor
[PlayerScore] NetworkBehaviourProcessor
[RandomColor] NetworkBehaviourProcessor
[Reward] NetworkBehaviourProcessor
[AddForce] NetworkBehaviourProcessor
[Ball] NetworkBehaviourProcessor
[Player] NetworkBehaviourProcessor
[MatchController] NetworkBehaviourProcessor
[PhysicsCollision] NetworkBehaviourProcessor
[PlayerController] NetworkBehaviourProcessor
[PlayerScore] NetworkBehaviourProcessor
[RandomColor] NetworkBehaviourProcessor
[Reward] NetworkBehaviourProcessor
[Player] NetworkBehaviourProcessor
[MonsterMovement] NetworkBehaviourProcessor
[PlayerMovement] NetworkBehaviourProcessor
[Player] NetworkBehaviourProcessor
[RandomColor] NetworkBehaviourProcessor
[ShootingTankBehaviour] NetworkBehaviourProcessor
Weave behaviours and messages took38 milliseconds
  ProcessSitesModule Mirror.Examples.dll elapsed time:00:00:00.0119913
Find all reader and writers took 157 milliseconds
Script Module: Unity.RenderPipelines.Universal.Runtime.dll
Weave behaviours and messages took122 milliseconds
Find all reader and writers took 173 milliseconds
Script Module: Unity.Animation.Rigging.dll
Weave behaviours and messages took37 milliseconds
Find all reader and writers took 178 milliseconds
Script Module: Unity.Burst.dll
Weave behaviours and messages took56 milliseconds
Find all reader and writers took 144 milliseconds
Script Module: NaughtyAttributes.Core.dll
Weave behaviours and messages took5 milliseconds
Find all reader and writers took 115 milliseconds
Script Module: Mirror.Components.dll
[NetworkAnimator] NetworkBehaviourProcessor
[NetworkRoomPlayer] NetworkBehaviourProcessor
[NetworkLobbyPlayer] NetworkBehaviourProcessor
[NetworkVisibility] NetworkBehaviourProcessor
[NetworkVisibility] Found NetworkBehaviour Mirror.NetworkVisibility
[NetworkVisibility] Process Start
[NetworkVisibility]   GenerateSerialization
[NetworkVisibility]   GenerateDeSerialization
[NetworkVisibility] Process Done
[NetworkMatchChecker] NetworkBehaviourProcessor
[NetworkVisibility] NetworkBehaviourProcessor
[NetworkOwnerChecker] NetworkBehaviourProcessor
[NetworkVisibility] NetworkBehaviourProcessor
[NetworkProximityChecker] NetworkBehaviourProcessor
[NetworkRoomPlayer] NetworkBehaviourProcessor
[NetworkVisibility] NetworkBehaviourProcessor
[NetworkSceneChecker] NetworkBehaviourProcessor
[NetworkTransformBase] NetworkBehaviourProcessor
[NetworkTransform] NetworkBehaviourProcessor
[NetworkTransformBase] NetworkBehaviourProcessor
[NetworkTransformBase] NetworkBehaviourProcessor
[NetworkTransformChild] NetworkBehaviourProcessor
[NetworkLerpRigidbody] NetworkBehaviourProcessor
[NetworkRigidbody] NetworkBehaviourProcessor
[NetworkRigidbody2D] NetworkBehaviourProcessor
[NetworkTransformBase] NetworkBehaviourProcessor
[NetworkTransform] NetworkBehaviourProcessor
[NetworkTransformBase] NetworkBehaviourProcessor
[NetworkTransformBase] NetworkBehaviourProcessor
[NetworkTransformChild] NetworkBehaviourProcessor
Weave behaviours and messages took48 milliseconds
  ProcessSitesModule Mirror.Components.dll elapsed time:00:00:00.0009978
Find all reader and writers took 183 milliseconds
Script Module: Unity.TextMeshPro.dll
Weave behaviours and messages took188 milliseconds
Find all reader and writers took 558 milliseconds
Script Module: Cinemachine.dll
Weave behaviours and messages took239 milliseconds
Find all reader and writers took 264 milliseconds
Script Module: Unity.Timeline.dll
Weave behaviours and messages took88 milliseconds
Find all reader and writers took 176 milliseconds
Script Module: Assembly-CSharp.dll
[MatchMaker] NetworkBehaviourProcessor
[Player] NetworkBehaviourProcessor
[PlayerMovement] NetworkBehaviourProcessor
[PlayerMovementInterpolation] NetworkBehaviourProcessor
Weave behaviours and messages took59 milliseconds
Find all reader and writers took 285 milliseconds
Script Module: Telepathy.dll
Weave behaviours and messages took4 milliseconds
Find all reader and writers took 120 milliseconds
Script Module: Mirror.Cloud.dll
Weave behaviours and messages took8 milliseconds
Find all reader and writers took 195 milliseconds
Script Module: kcp2k.dll
Weave behaviours and messages took8 milliseconds
Find all reader and writers took 139 milliseconds
Script Module: Mirror.Examples.Cloud.GUI.dll
Weave behaviours and messages took7 milliseconds
Find all reader and writers took 130 milliseconds
Script Module: Mirror.Examples.Cloud.Pong.dll
[Ball] NetworkBehaviourProcessor
[BallManager] NetworkBehaviourProcessor
[Player] NetworkBehaviourProcessor
Weave behaviours and messages took9 milliseconds
  ProcessSitesModule Mirror.Examples.Cloud.Pong.dll elapsed time:00:00:00.0009994
Find all reader and writers took 129 milliseconds
Script Module: Unity.RenderPipelines.Core.ShaderLibrary.dll
Weave behaviours and messages took0 milliseconds
Find all reader and writers took 123 milliseconds
Script Module: Unity.RenderPipeline.Universal.ShaderLibrary.dll
Weave behaviours and messages took0 milliseconds
Find all reader and writers took 211 milliseconds
Script Module: Mirror.Authenticators.dll
Weave behaviours and messages took6 milliseconds
  ProcessSitesModule Mirror.Authenticators.dll elapsed time:00:00:00
Find all reader and writers took 367 milliseconds
Script Module: Unity.RenderPipelines.Universal.Shaders.dll
Weave behaviours and messages took0 milliseconds
Find all reader and writers took 266 milliseconds
Script Module: Unity.RenderPipelines.ShaderGraph.ShaderGraphLibrary.dll
Weave behaviours and messages took0 milliseconds
Find all reader and writers took 856 milliseconds
Script Module: com.unity.cinemachine.editor.dll
Weave behaviours and messages took92 milliseconds
Find all reader and writers took 350 milliseconds
Script Module: UnityEditor.TestRunner.dll
Weave behaviours and messages took128 milliseconds
Find all reader and writers took 204 milliseconds
Script Module: ParrelSync.dll
Weave behaviours and messages took9 milliseconds
Find all reader and writers took 152 milliseconds
Script Module: Mirror.CompilerSymbols.dll
Weave behaviours and messages took0 milliseconds
Find all reader and writers took 168 milliseconds
Script Module: UnityEditor.UI.dll
Weave behaviours and messages took17 milliseconds
Find all reader and writers took 105 milliseconds
Script Module: Unity.ShaderGraph.Utilities.dll
Weave behaviours and messages took0 milliseconds
Mono: successfully reloaded assembly
- Completed reload, in 20.360 seconds
Platform modules already initialized, skipping
========================================================================
Worker process is ready to serve import requests
Shader 'Universal Render Pipeline/Particles/Lit': fallback shader 'Universal Render Pipeline/Particles/SimpleLit' not found
Shader 'Universal Render Pipeline/Particles/Lit': fallback shader 'Universal Render Pipeline/Particles/SimpleLit' not found
Launched and connected shader compiler UnityShaderCompiler.exe after 0.04 seconds
Refreshing native plugins compatible for Editor in 0.68 ms, found 0 plugins.
Preloading 0 native plugins for Editor in 0.00 ms.
Unloading 3227 Unused Serialized files (Serialized files now loaded: 0)
System memory in use before: 141.0 MB.
System memory in use after: 138.9 MB.

Unloading 53 unused Assets to reduce memory usage. Loaded Objects now: 3628.
Total: 10.241500 ms (FindLiveObjects: 0.583400 ms CreateObjectMapping: 0.176400 ms MarkObjects: 7.839200 ms  DeleteObjects: 1.640500 ms)

========================================================================
Received Import Request.
  path: Assets/Scripts/DisableIfMine.cs
  artifactKey: Guid(35b749a5baa6d8d4a95b58a76dfdab42) Importer(815301076,1909f56bfc062723c751e8b465ee728b)
Start importing Assets/Scripts/DisableIfMine.cs using Guid(35b749a5baa6d8d4a95b58a76dfdab42) Importer(815301076,1909f56bfc062723c751e8b465ee728b)  -> (artifact id: 'efcca913e4e102c03c2d426a76d13e8b') in 0.053313 seconds
  Import took 0.061897 seconds .

========================================================================
Received Import Request.
  Time since last request: 56.867287 seconds.
  path: Assets/Scripts/DisableIfMine.cs
  artifactKey: Guid(35b749a5baa6d8d4a95b58a76dfdab42) Importer(815301076,1909f56bfc062723c751e8b465ee728b)
Start importing Assets/Scripts/DisableIfMine.cs using Guid(35b749a5baa6d8d4a95b58a76dfdab42) Importer(815301076,1909f56bfc062723c751e8b465ee728b)  -> (artifact id: 'b46dbf3342ef4acac1725f4230782027') in 0.002939 seconds
  Import took 0.008980 seconds .

========================================================================
Received Import Request.
  Time since last request: 2.440046 seconds.
  path: Assets/Scripts/DisableIfMine.cs
  artifactKey: Guid(35b749a5baa6d8d4a95b58a76dfdab42) Importer(815301076,1909f56bfc062723c751e8b465ee728b)
Start importing Assets/Scripts/DisableIfMine.cs using Guid(35b749a5baa6d8d4a95b58a76dfdab42) Importer(815301076,1909f56bfc062723c751e8b465ee728b)  -> (artifact id: 'e3c887feb690a14654fbde6fbc3dcdd2') in 0.003205 seconds
  Import took 0.010091 seconds .

========================================================================
Received Import Request.
  Time since last request: 1.776325 seconds.
  path: Assets/Scripts/DisableIfMine.cs
  artifactKey: Guid(35b749a5baa6d8d4a95b58a76dfdab42) Importer(815301076,1909f56bfc062723c751e8b465ee728b)
Start importing Assets/Scripts/DisableIfMine.cs using Guid(35b749a5baa6d8d4a95b58a76dfdab42) Importer(815301076,1909f56bfc062723c751e8b465ee728b)  -> (artifact id: '69e826950ec64d340217e3f1c9bed381') in 0.003381 seconds
  Import took 0.009914 seconds .

========================================================================
Received Import Request.
  Time since last request: 0.003797 seconds.
  path: Assets/Scripts/DisableIfMine.cs
  artifactKey: Guid(35b749a5baa6d8d4a95b58a76dfdab42) Importer(815301076,1909f56bfc062723c751e8b465ee728b)
Start importing Assets/Scripts/DisableIfMine.cs using Guid(35b749a5baa6d8d4a95b58a76dfdab42) Importer(815301076,1909f56bfc062723c751e8b465ee728b)  -> (artifact id: '69e826950ec64d340217e3f1c9bed381') in 0.002769 seconds
  Import took 0.010698 seconds .

========================================================================
Received Import Request.
  Time since last request: 130.285434 seconds.
  path: Assets/Scripts/DisableIfMine.cs
  artifactKey: Guid(35b749a5baa6d8d4a95b58a76dfdab42) Importer(815301076,1909f56bfc062723c751e8b465ee728b)
Start importing Assets/Scripts/DisableIfMine.cs using Guid(35b749a5baa6d8d4a95b58a76dfdab42) Importer(815301076,1909f56bfc062723c751e8b465ee728b)  -> (artifact id: '6b8f8a8e11d395f32b640390e073d418') in 0.002957 seconds
  Import took 0.010665 seconds .

========================================================================
Received Import Request.
  Time since last request: 0.003249 seconds.
  path: Assets/Scripts/DisableIfMine.cs
  artifactKey: Guid(35b749a5baa6d8d4a95b58a76dfdab42) Importer(815301076,1909f56bfc062723c751e8b465ee728b)
Start importing Assets/Scripts/DisableIfMine.cs using Guid(35b749a5baa6d8d4a95b58a76dfdab42) Importer(815301076,1909f56bfc062723c751e8b465ee728b)  -> (artifact id: '6b8f8a8e11d395f32b640390e073d418') in 0.002726 seconds
  Import took 0.009288 seconds .

========================================================================
Received Import Request.
  Time since last request: 16.099662 seconds.
  path: Assets/Scripts/DisableIfMine.cs
  artifactKey: Guid(35b749a5baa6d8d4a95b58a76dfdab42) Importer(815301076,1909f56bfc062723c751e8b465ee728b)
Start importing Assets/Scripts/DisableIfMine.cs using Guid(35b749a5baa6d8d4a95b58a76dfdab42) Importer(815301076,1909f56bfc062723c751e8b465ee728b)  -> (artifact id: 'd8f1eebe94476d513630f1e42299c802') in 0.003648 seconds
  Import took 0.010592 seconds .

========================================================================
Received Prepare
Registering precompiled user dll's ...
Registered in 0.007418 seconds.
Begin MonoManager ReloadAssembly
Native extension for WindowsStandalone target not found
Native extension for WebGL target not found
Refreshing native plugins compatible for Editor in 0.66 ms, found 0 plugins.
Preloading 0 native plugins for Editor in 0.00 ms.
Invoked RoslynAnalysisRunner static constructor.
RoslynAnalysisRunner will not be running.
RoslynAnalysisRunner has terminated.
Mono: successfully reloaded assembly
- Completed reload, in  1.613 seconds
Platform modules already initialized, skipping
Shader 'Universal Render Pipeline/Particles/Lit': fallback shader 'Universal Render Pipeline/Particles/SimpleLit' not found
Shader 'Universal Render Pipeline/Particles/Lit': fallback shader 'Universal Render Pipeline/Particles/SimpleLit' not found
Refreshing native plugins compatible for Editor in 0.72 ms, found 0 plugins.
Preloading 0 native plugins for Editor in 0.00 ms.
Unloading 3137 Unused Serialized files (Serialized files now loaded: 0)
System memory in use before: 137.4 MB.
System memory in use after: 135.3 MB.

Unloading 48 unused Assets to reduce memory usage. Loaded Objects now: 3630.
Total: 7.396000 ms (FindLiveObjects: 0.392400 ms CreateObjectMapping: 0.130200 ms MarkObjects: 5.477500 ms  DeleteObjects: 1.394000 ms)

========================================================================
Received Import Request.
  Time since last request: 414.013035 seconds.
  path: Assets/Scripts/EnableDisableComponents.cs
  artifactKey: Guid(35b749a5baa6d8d4a95b58a76dfdab42) Importer(815301076,1909f56bfc062723c751e8b465ee728b)
Start importing Assets/Scripts/EnableDisableComponents.cs using Guid(35b749a5baa6d8d4a95b58a76dfdab42) Importer(815301076,1909f56bfc062723c751e8b465ee728b)  -> (artifact id: 'af22fc6e40fb2324948416b1a8446de4') in 0.018642 seconds
  Import took 0.029757 seconds .

========================================================================
Received Prepare
Registering precompiled user dll's ...
Registered in 0.006944 seconds.
Begin MonoManager ReloadAssembly
Native extension for WindowsStandalone target not found
Native extension for WebGL target not found
Refreshing native plugins compatible for Editor in 1.12 ms, found 0 plugins.
Preloading 0 native plugins for Editor in 0.00 ms.
Invoked RoslynAnalysisRunner static constructor.
RoslynAnalysisRunner will not be running.
RoslynAnalysisRunner has terminated.
Mono: successfully reloaded assembly
- Completed reload, in  1.924 seconds
Platform modules already initialized, skipping
Shader 'Universal Render Pipeline/Particles/Lit': fallback shader 'Universal Render Pipeline/Particles/SimpleLit' not found
Shader 'Universal Render Pipeline/Particles/Lit': fallback shader 'Universal Render Pipeline/Particles/SimpleLit' not found
Refreshing native plugins compatible for Editor in 0.69 ms, found 0 plugins.
Preloading 0 native plugins for Editor in 0.00 ms.
Unloading 3137 Unused Serialized files (Serialized files now loaded: 0)
System memory in use before: 138.4 MB.
System memory in use after: 136.3 MB.

Unloading 48 unused Assets to reduce memory usage. Loaded Objects now: 3632.
Total: 7.237300 ms (FindLiveObjects: 0.314800 ms CreateObjectMapping: 0.176200 ms MarkObjects: 5.141400 ms  DeleteObjects: 1.602700 ms)

========================================================================
Received Import Request.
  Time since last request: 620.278733 seconds.
  path: Assets/Scripts/EnableDisableComponents.cs
  artifactKey: Guid(35b749a5baa6d8d4a95b58a76dfdab42) Importer(815301076,1909f56bfc062723c751e8b465ee728b)
Start importing Assets/Scripts/EnableDisableComponents.cs using Guid(35b749a5baa6d8d4a95b58a76dfdab42) Importer(815301076,1909f56bfc062723c751e8b465ee728b)  -> (artifact id: '2484f40d2df9f0195dacaaec5c4e7157') in 0.008543 seconds
  Import took 0.016925 seconds .

========================================================================
Received Prepare
Registering precompiled user dll's ...
Registered in 0.004850 seconds.
Begin MonoManager ReloadAssembly
Native extension for WindowsStandalone target not found
Native extension for WebGL target not found
Refreshing native plugins compatible for Editor in 0.66 ms, found 0 plugins.
Preloading 0 native plugins for Editor in 0.00 ms.
Invoked RoslynAnalysisRunner static constructor.
RoslynAnalysisRunner will not be running.
RoslynAnalysisRunner has terminated.
Mono: successfully reloaded assembly
- Completed reload, in  1.620 seconds
Platform modules already initialized, skipping
Shader 'Universal Render Pipeline/Particles/Lit': fallback shader 'Universal Render Pipeline/Particles/SimpleLit' not found
Shader 'Universal Render Pipeline/Particles/Lit': fallback shader 'Universal Render Pipeline/Particles/SimpleLit' not found
Refreshing native plugins compatible for Editor in 0.88 ms, found 0 plugins.
Preloading 0 native plugins for Editor in 0.00 ms.
Unloading 3137 Unused Serialized files (Serialized files now loaded: 0)
System memory in use before: 138.5 MB.
System memory in use after: 136.4 MB.

Unloading 48 unused Assets to reduce memory usage. Loaded Objects now: 3634.
Total: 11.476900 ms (FindLiveObjects: 0.756200 ms CreateObjectMapping: 0.421000 ms MarkObjects: 8.577400 ms  DeleteObjects: 1.720100 ms)

========================================================================
Received Import Request.
  Time since last request: 164.962677 seconds.
  path: Assets/Prefabs/Player.prefab
  artifactKey: Guid(95e45171925026a4baf952ab4bde34d7) Importer(815301076,1909f56bfc062723c751e8b465ee728b)
Start importing Assets/Prefabs/Player.prefab using Guid(95e45171925026a4baf952ab4bde34d7) Importer(815301076,1909f56bfc062723c751e8b465ee728b)  -> (artifact id: '3dd3f3a52d1b73e62444e2d636ec66fa') in 0.400504 seconds
  Import took 0.410386 seconds .

========================================================================
Received Prepare
Registering precompiled user dll's ...
Registered in 0.005134 seconds.
Begin MonoManager ReloadAssembly
Native extension for WindowsStandalone target not found
Native extension for WebGL target not found
Refreshing native plugins compatible for Editor in 0.65 ms, found 0 plugins.
Preloading 0 native plugins for Editor in 0.00 ms.
Invoked RoslynAnalysisRunner static constructor.
RoslynAnalysisRunner will not be running.
RoslynAnalysisRunner has terminated.
Mono: successfully reloaded assembly
- Completed reload, in  1.543 seconds
Platform modules already initialized, skipping
Shader 'Universal Render Pipeline/Particles/Lit': fallback shader 'Universal Render Pipeline/Particles/SimpleLit' not found
Shader 'Universal Render Pipeline/Particles/Lit': fallback shader 'Universal Render Pipeline/Particles/SimpleLit' not found
Refreshing native plugins compatible for Editor in 0.65 ms, found 0 plugins.
Preloading 0 native plugins for Editor in 0.00 ms.
Unloading 3137 Unused Serialized files (Serialized files now loaded: 0)
System memory in use before: 154.6 MB.
System memory in use after: 152.6 MB.

Unloading 48 unused Assets to reduce memory usage. Loaded Objects now: 3683.
Total: 6.883400 ms (FindLiveObjects: 0.288800 ms CreateObjectMapping: 0.122000 ms MarkObjects: 5.094100 ms  DeleteObjects: 1.376900 ms)

========================================================================
Received Import Request.
  Time since last request: 40.608635 seconds.
  path: Assets/Prefabs/Player.prefab
  artifactKey: Guid(95e45171925026a4baf952ab4bde34d7) Importer(815301076,1909f56bfc062723c751e8b465ee728b)
Start importing Assets/Prefabs/Player.prefab using Guid(95e45171925026a4baf952ab4bde34d7) Importer(815301076,1909f56bfc062723c751e8b465ee728b)  -> (artifact id: 'cca8302252ec3156ac58301bbacce97f') in 0.311272 seconds
  Import took 0.320458 seconds .

========================================================================
Received Import Request.
  Time since last request: 10.607430 seconds.
  path: Assets/Prefabs/Player.prefab
  artifactKey: Guid(95e45171925026a4baf952ab4bde34d7) Importer(815301076,1909f56bfc062723c751e8b465ee728b)
Start importing Assets/Prefabs/Player.prefab using Guid(95e45171925026a4baf952ab4bde34d7) Importer(815301076,1909f56bfc062723c751e8b465ee728b)  -> (artifact id: '9a269449e1c4386b0524f1486a1864f0') in 0.084479 seconds
  Import took 0.093486 seconds .

========================================================================
Received Prepare
Registering precompiled user dll's ...
Registered in 0.004682 seconds.
Begin MonoManager ReloadAssembly
Native extension for WindowsStandalone target not found
Native extension for WebGL target not found
Refreshing native plugins compatible for Editor in 0.75 ms, found 0 plugins.
Preloading 0 native plugins for Editor in 0.00 ms.
Invoked RoslynAnalysisRunner static constructor.
RoslynAnalysisRunner will not be running.
RoslynAnalysisRunner has terminated.
Mono: successfully reloaded assembly
- Completed reload, in  1.504 seconds
Platform modules already initialized, skipping
Shader 'Universal Render Pipeline/Particles/Lit': fallback shader 'Universal Render Pipeline/Particles/SimpleLit' not found
Shader 'Universal Render Pipeline/Particles/Lit': fallback shader 'Universal Render Pipeline/Particles/SimpleLit' not found
Refreshing native plugins compatible for Editor in 0.71 ms, found 0 plugins.
Preloading 0 native plugins for Editor in 0.00 ms.
Unloading 3137 Unused Serialized files (Serialized files now loaded: 0)
System memory in use before: 154.8 MB.
System memory in use after: 152.8 MB.

Unloading 48 unused Assets to reduce memory usage. Loaded Objects now: 3721.
Total: 7.166000 ms (FindLiveObjects: 0.336600 ms CreateObjectMapping: 0.121400 ms MarkObjects: 5.114000 ms  DeleteObjects: 1.583400 ms)

========================================================================
Received Import Request.
  Time since last request: 15.884439 seconds.
  path: Assets/Prefabs/Player.prefab
  artifactKey: Guid(95e45171925026a4baf952ab4bde34d7) Importer(815301076,1909f56bfc062723c751e8b465ee728b)
Start importing Assets/Prefabs/Player.prefab using Guid(95e45171925026a4baf952ab4bde34d7) Importer(815301076,1909f56bfc062723c751e8b465ee728b)  -> (artifact id: 'e84e6b6aa83e7aa6b2c555faea73bd5e') in 0.291793 seconds
  Import took 0.302551 seconds .

========================================================================
Received Prepare
Registering precompiled user dll's ...
Registered in 0.006889 seconds.
Begin MonoManager ReloadAssembly
Native extension for WindowsStandalone target not found
Native extension for WebGL target not found
Refreshing native plugins compatible for Editor in 0.67 ms, found 0 plugins.
Preloading 0 native plugins for Editor in 0.00 ms.
Invoked RoslynAnalysisRunner static constructor.
RoslynAnalysisRunner will not be running.
RoslynAnalysisRunner has terminated.
Mono: successfully reloaded assembly
- Completed reload, in  1.515 seconds
Platform modules already initialized, skipping
Shader 'Universal Render Pipeline/Particles/Lit': fallback shader 'Universal Render Pipeline/Particles/SimpleLit' not found
Shader 'Universal Render Pipeline/Particles/Lit': fallback shader 'Universal Render Pipeline/Particles/SimpleLit' not found
Refreshing native plugins compatible for Editor in 0.65 ms, found 0 plugins.
Preloading 0 native plugins for Editor in 0.00 ms.
Unloading 3137 Unused Serialized files (Serialized files now loaded: 0)
System memory in use before: 155.0 MB.
System memory in use after: 152.9 MB.

Unloading 48 unused Assets to reduce memory usage. Loaded Objects now: 3759.
Total: 11.292800 ms (FindLiveObjects: 0.426300 ms CreateObjectMapping: 0.208800 ms MarkObjects: 8.273300 ms  DeleteObjects: 2.382100 ms)

========================================================================
Received Prepare
Registering precompiled user dll's ...
Registered in 0.004415 seconds.
Begin MonoManager ReloadAssembly
Native extension for WindowsStandalone target not found
Native extension for WebGL target not found
Refreshing native plugins compatible for Editor in 0.66 ms, found 0 plugins.
Preloading 0 native plugins for Editor in 0.00 ms.
Invoked RoslynAnalysisRunner static constructor.
RoslynAnalysisRunner will not be running.
RoslynAnalysisRunner has terminated.
Mono: successfully reloaded assembly
- Completed reload, in  1.725 seconds
Platform modules already initialized, skipping
Shader 'Universal Render Pipeline/Particles/Lit': fallback shader 'Universal Render Pipeline/Particles/SimpleLit' not found
Shader 'Universal Render Pipeline/Particles/Lit': fallback shader 'Universal Render Pipeline/Particles/SimpleLit' not found
Refreshing native plugins compatible for Editor in 0.67 ms, found 0 plugins.
Preloading 0 native plugins for Editor in 0.00 ms.
Unloading 3137 Unused Serialized files (Serialized files now loaded: 0)
System memory in use before: 155.0 MB.
System memory in use after: 152.9 MB.

Unloading 48 unused Assets to reduce memory usage. Loaded Objects now: 3761.
Total: 7.289700 ms (FindLiveObjects: 0.432900 ms CreateObjectMapping: 0.141400 ms MarkObjects: 5.105100 ms  DeleteObjects: 1.608200 ms)

========================================================================
Received Prepare
Registering precompiled user dll's ...
Registered in 0.005769 seconds.
Begin MonoManager ReloadAssembly
Native extension for WindowsStandalone target not found
Native extension for WebGL target not found
Refreshing native plugins compatible for Editor in 1.20 ms, found 0 plugins.
Preloading 0 native plugins for Editor in 0.00 ms.
Invoked RoslynAnalysisRunner static constructor.
RoslynAnalysisRunner will not be running.
RoslynAnalysisRunner has terminated.
Mono: successfully reloaded assembly
- Completed reload, in  1.663 seconds
Platform modules already initialized, skipping
Shader 'Universal Render Pipeline/Particles/Lit': fallback shader 'Universal Render Pipeline/Particles/SimpleLit' not found
Shader 'Universal Render Pipeline/Particles/Lit': fallback shader 'Universal Render Pipeline/Particles/SimpleLit' not found
Refreshing native plugins compatible for Editor in 0.66 ms, found 0 plugins.
Preloading 0 native plugins for Editor in 0.00 ms.
Unloading 3137 Unused Serialized files (Serialized files now loaded: 0)
System memory in use before: 155.0 MB.
System memory in use after: 152.9 MB.

Unloading 48 unused Assets to reduce memory usage. Loaded Objects now: 3763.
Total: 7.218900 ms (FindLiveObjects: 0.296900 ms CreateObjectMapping: 0.118200 ms MarkObjects: 5.160200 ms  DeleteObjects: 1.642100 ms)

========================================================================
Received Prepare
Registering precompiled user dll's ...
Registered in 0.005091 seconds.
Begin MonoManager ReloadAssembly
Native extension for WindowsStandalone target not found
Native extension for WebGL target not found
Refreshing native plugins compatible for Editor in 0.66 ms, found 0 plugins.
Preloading 0 native plugins for Editor in 0.00 ms.
Invoked RoslynAnalysisRunner static constructor.
RoslynAnalysisRunner will not be running.
RoslynAnalysisRunner has terminated.
Mono: successfully reloaded assembly
- Completed reload, in  1.532 seconds
Platform modules already initialized, skipping
Shader 'Universal Render Pipeline/Particles/Lit': fallback shader 'Universal Render Pipeline/Particles/SimpleLit' not found
Shader 'Universal Render Pipeline/Particles/Lit': fallback shader 'Universal Render Pipeline/Particles/SimpleLit' not found
Refreshing native plugins compatible for Editor in 0.68 ms, found 0 plugins.
Preloading 0 native plugins for Editor in 0.00 ms.
Unloading 3137 Unused Serialized files (Serialized files now loaded: 0)
System memory in use before: 155.0 MB.
System memory in use after: 152.9 MB.

Unloading 48 unused Assets to reduce memory usage. Loaded Objects now: 3765.
Total: 6.869900 ms (FindLiveObjects: 0.309000 ms CreateObjectMapping: 0.125800 ms MarkObjects: 4.838200 ms  DeleteObjects: 1.595400 ms)

========================================================================
Received Import Request.
  Time since last request: 128.053503 seconds.
  path: Assets/Prefabs/Player.prefab
  artifactKey: Guid(95e45171925026a4baf952ab4bde34d7) Importer(815301076,1909f56bfc062723c751e8b465ee728b)
Start importing Assets/Prefabs/Player.prefab using Guid(95e45171925026a4baf952ab4bde34d7) Importer(815301076,1909f56bfc062723c751e8b465ee728b)  -> (artifact id: '8bbf893c35502b8da46584171ced1f1d') in 0.299735 seconds
  Import took 0.312541 seconds .

========================================================================
Received Import Request.
  Time since last request: 0.453596 seconds.
  path: Assets/Prefabs/Player.prefab
  artifactKey: Guid(95e45171925026a4baf952ab4bde34d7) Importer(815301076,1909f56bfc062723c751e8b465ee728b)
Start importing Assets/Prefabs/Player.prefab using Guid(95e45171925026a4baf952ab4bde34d7) Importer(815301076,1909f56bfc062723c751e8b465ee728b)  -> (artifact id: 'f96232cd818d8a17281402527f9afc99') in 0.085644 seconds
  Import took 0.097567 seconds .

========================================================================
Received Import Request.
  Time since last request: 1.141047 seconds.
  path: Assets/Prefabs/Player.prefab
  artifactKey: Guid(95e45171925026a4baf952ab4bde34d7) Importer(815301076,1909f56bfc062723c751e8b465ee728b)
Start importing Assets/Prefabs/Player.prefab using Guid(95e45171925026a4baf952ab4bde34d7) Importer(815301076,1909f56bfc062723c751e8b465ee728b)  -> (artifact id: '09fca7833725416457143b2a71fc2c0c') in 0.105016 seconds
  Import took 0.114321 seconds .

========================================================================
Received Import Request.
  Time since last request: 0.040410 seconds.
  path: Assets/Prefabs/Player.prefab
  artifactKey: Guid(95e45171925026a4baf952ab4bde34d7) Importer(815301076,1909f56bfc062723c751e8b465ee728b)
Start importing Assets/Prefabs/Player.prefab using Guid(95e45171925026a4baf952ab4bde34d7) Importer(815301076,1909f56bfc062723c751e8b465ee728b)  -> (artifact id: '09fca7833725416457143b2a71fc2c0c') in 0.092424 seconds
  Import took 0.101378 seconds .

========================================================================
Received Prepare
Registering precompiled user dll's ...
Registered in 0.004548 seconds.
Begin MonoManager ReloadAssembly
Native extension for WindowsStandalone target not found
Native extension for WebGL target not found
Refreshing native plugins compatible for Editor in 0.68 ms, found 0 plugins.
Preloading 0 native plugins for Editor in 0.00 ms.
Invoked RoslynAnalysisRunner static constructor.
RoslynAnalysisRunner will not be running.
RoslynAnalysisRunner has terminated.
Mono: successfully reloaded assembly
- Completed reload, in  1.621 seconds
Platform modules already initialized, skipping
Shader 'Universal Render Pipeline/Particles/Lit': fallback shader 'Universal Render Pipeline/Particles/SimpleLit' not found
Shader 'Universal Render Pipeline/Particles/Lit': fallback shader 'Universal Render Pipeline/Particles/SimpleLit' not found
Refreshing native plugins compatible for Editor in 0.67 ms, found 0 plugins.
Preloading 0 native plugins for Editor in 0.00 ms.
Unloading 3137 Unused Serialized files (Serialized files now loaded: 0)
System memory in use before: 155.1 MB.
System memory in use after: 153.1 MB.

Unloading 48 unused Assets to reduce memory usage. Loaded Objects now: 3803.
Total: 7.448000 ms (FindLiveObjects: 0.320700 ms CreateObjectMapping: 0.123900 ms MarkObjects: 5.381800 ms  DeleteObjects: 1.619800 ms)

========================================================================
Received Prepare
Registering precompiled user dll's ...
Registered in 0.004772 seconds.
Begin MonoManager ReloadAssembly
Native extension for WindowsStandalone target not found
Native extension for WebGL target not found
Refreshing native plugins compatible for Editor in 0.70 ms, found 0 plugins.
Preloading 0 native plugins for Editor in 0.00 ms.
Invoked RoslynAnalysisRunner static constructor.
RoslynAnalysisRunner will not be running.
RoslynAnalysisRunner has terminated.
Mono: successfully reloaded assembly
- Completed reload, in  1.667 seconds
Platform modules already initialized, skipping
Shader 'Universal Render Pipeline/Particles/Lit': fallback shader 'Universal Render Pipeline/Particles/SimpleLit' not found
Shader 'Universal Render Pipeline/Particles/Lit': fallback shader 'Universal Render Pipeline/Particles/SimpleLit' not found
Refreshing native plugins compatible for Editor in 1.01 ms, found 0 plugins.
Preloading 0 native plugins for Editor in 0.00 ms.
Unloading 3137 Unused Serialized files (Serialized files now loaded: 0)
System memory in use before: 155.2 MB.
System memory in use after: 153.1 MB.

Unloading 48 unused Assets to reduce memory usage. Loaded Objects now: 3805.
Total: 9.888200 ms (FindLiveObjects: 0.522400 ms CreateObjectMapping: 0.330400 ms MarkObjects: 6.427200 ms  DeleteObjects: 2.606000 ms)

========================================================================
Received Import Request.
  Time since last request: 91.423655 seconds.
  path: Assets/Settings/UniversalRP-HighQuality.asset
  artifactKey: Guid(19ba41d7c0026c3459d37c2fe90c55a0) Importer(815301076,1909f56bfc062723c751e8b465ee728b)
Start importing Assets/Settings/UniversalRP-HighQuality.asset using Guid(19ba41d7c0026c3459d37c2fe90c55a0) Importer(815301076,1909f56bfc062723c751e8b465ee728b)  -> (artifact id: '9ada394de0e00bf11cbac1f80172cd74') in 0.029494 seconds
  Import took 0.038886 seconds .

========================================================================
Received Prepare
Registering precompiled user dll's ...
Registered in 0.004607 seconds.
Begin MonoManager ReloadAssembly
Native extension for WindowsStandalone target not found
Native extension for WebGL target not found
Refreshing native plugins compatible for Editor in 0.92 ms, found 0 plugins.
Preloading 0 native plugins for Editor in 0.00 ms.
Invoked RoslynAnalysisRunner static constructor.
RoslynAnalysisRunner will not be running.
RoslynAnalysisRunner has terminated.
Mono: successfully reloaded assembly
- Completed reload, in  1.557 seconds
Platform modules already initialized, skipping
Shader 'Universal Render Pipeline/Particles/Lit': fallback shader 'Universal Render Pipeline/Particles/SimpleLit' not found
Shader 'Universal Render Pipeline/Particles/Lit': fallback shader 'Universal Render Pipeline/Particles/SimpleLit' not found
Refreshing native plugins compatible for Editor in 0.66 ms, found 0 plugins.
Preloading 0 native plugins for Editor in 0.00 ms.
Unloading 3138 Unused Serialized files (Serialized files now loaded: 0)
System memory in use before: 155.2 MB.
System memory in use after: 153.1 MB.

Unloading 48 unused Assets to reduce memory usage. Loaded Objects now: 3808.
Total: 7.449000 ms (FindLiveObjects: 0.311300 ms CreateObjectMapping: 0.114000 ms MarkObjects: 5.398800 ms  DeleteObjects: 1.623400 ms)

========================================================================
Received Import Request.
  Time since last request: 55.767271 seconds.
  path: Assets/Prefabs/Player.prefab
  artifactKey: Guid(95e45171925026a4baf952ab4bde34d7) Importer(815301076,1909f56bfc062723c751e8b465ee728b)
Start importing Assets/Prefabs/Player.prefab using Guid(95e45171925026a4baf952ab4bde34d7) Importer(815301076,1909f56bfc062723c751e8b465ee728b)  -> (artifact id: 'ba9016b1d7ecc47333ec261e0d81728f') in 0.378671 seconds
  Import took 0.389048 seconds .

========================================================================
Received Import Request.
  Time since last request: 61.662379 seconds.
  path: Assets/Settings/UniversalRP-HighQuality.asset
  artifactKey: Guid(19ba41d7c0026c3459d37c2fe90c55a0) Importer(815301076,1909f56bfc062723c751e8b465ee728b)
Start importing Assets/Settings/UniversalRP-HighQuality.asset using Guid(19ba41d7c0026c3459d37c2fe90c55a0) Importer(815301076,1909f56bfc062723c751e8b465ee728b)  -> (artifact id: 'f0e664f5f5ce7e4dfa6c2061debd6906') in 0.003771 seconds
  Import took 0.011078 seconds .

========================================================================
Received Prepare
Registering precompiled user dll's ...
Registered in 0.004761 seconds.
Begin MonoManager ReloadAssembly
Native extension for WindowsStandalone target not found
Native extension for WebGL target not found
Refreshing native plugins compatible for Editor in 0.66 ms, found 0 plugins.
Preloading 0 native plugins for Editor in 0.00 ms.
Invoked RoslynAnalysisRunner static constructor.
RoslynAnalysisRunner will not be running.
RoslynAnalysisRunner has terminated.
Mono: successfully reloaded assembly
- Completed reload, in  1.524 seconds
Platform modules already initialized, skipping
Shader 'Universal Render Pipeline/Particles/Lit': fallback shader 'Universal Render Pipeline/Particles/SimpleLit' not found
Shader 'Universal Render Pipeline/Particles/Lit': fallback shader 'Universal Render Pipeline/Particles/SimpleLit' not found
Refreshing native plugins compatible for Editor in 0.79 ms, found 0 plugins.
Preloading 0 native plugins for Editor in 0.00 ms.
Unloading 3138 Unused Serialized files (Serialized files now loaded: 0)
System memory in use before: 155.4 MB.
System memory in use after: 153.3 MB.

Unloading 48 unused Assets to reduce memory usage. Loaded Objects now: 3847.
Total: 7.289100 ms (FindLiveObjects: 0.448500 ms CreateObjectMapping: 0.134100 ms MarkObjects: 5.142700 ms  DeleteObjects: 1.562000 ms)

========================================================================
Received Prepare
Registering precompiled user dll's ...
Registered in 0.004393 seconds.
Begin MonoManager ReloadAssembly
Native extension for WindowsStandalone target not found
Native extension for WebGL target not found
Refreshing native plugins compatible for Editor in 0.67 ms, found 0 plugins.
Preloading 0 native plugins for Editor in 0.00 ms.
Invoked RoslynAnalysisRunner static constructor.
RoslynAnalysisRunner will not be running.
RoslynAnalysisRunner has terminated.
Mono: successfully reloaded assembly
- Completed reload, in  1.589 seconds
Platform modules already initialized, skipping
Shader 'Universal Render Pipeline/Particles/Lit': fallback shader 'Universal Render Pipeline/Particles/SimpleLit' not found
Shader 'Universal Render Pipeline/Particles/Lit': fallback shader 'Universal Render Pipeline/Particles/SimpleLit' not found
Refreshing native plugins compatible for Editor in 0.68 ms, found 0 plugins.
Preloading 0 native plugins for Editor in 0.00 ms.
Unloading 3137 Unused Serialized files (Serialized files now loaded: 0)
System memory in use before: 155.4 MB.
System memory in use after: 153.3 MB.

Unloading 48 unused Assets to reduce memory usage. Loaded Objects now: 3849.
Total: 6.833400 ms (FindLiveObjects: 0.322600 ms CreateObjectMapping: 0.120700 ms MarkObjects: 4.823700 ms  DeleteObjects: 1.565000 ms)

========================================================================
Received Import Request.
  Time since last request: 56.424857 seconds.
  path: Assets/Scripts/PlayerMovement.cs
  artifactKey: Guid(21f91f145dacae34288e4b99b79e3f48) Importer(815301076,1909f56bfc062723c751e8b465ee728b)
Start importing Assets/Scripts/PlayerMovement.cs using Guid(21f91f145dacae34288e4b99b79e3f48) Importer(815301076,1909f56bfc062723c751e8b465ee728b)  -> (artifact id: '95f197494f26d02808cb9d9abfa6dcd3') in 0.013405 seconds
  Import took 0.019952 seconds .

========================================================================
Received Import Request.
  Time since last request: 0.026364 seconds.
  path: Assets/Scripts/PlayerMovement.cs
  artifactKey: Guid(21f91f145dacae34288e4b99b79e3f48) Importer(815301076,1909f56bfc062723c751e8b465ee728b)
Start importing Assets/Scripts/PlayerMovement.cs using Guid(21f91f145dacae34288e4b99b79e3f48) Importer(815301076,1909f56bfc062723c751e8b465ee728b)  -> (artifact id: '95f197494f26d02808cb9d9abfa6dcd3') in 0.003104 seconds
  Import took 0.010010 seconds .

========================================================================
Received Prepare
Registering precompiled user dll's ...
Registered in 0.005174 seconds.
Begin MonoManager ReloadAssembly
Native extension for WindowsStandalone target not found
Native extension for WebGL target not found
Refreshing native plugins compatible for Editor in 0.66 ms, found 0 plugins.
Preloading 0 native plugins for Editor in 0.00 ms.
Invoked RoslynAnalysisRunner static constructor.
RoslynAnalysisRunner will not be running.
RoslynAnalysisRunner has terminated.
Mono: successfully reloaded assembly
- Completed reload, in  1.543 seconds
Platform modules already initialized, skipping
Shader 'Universal Render Pipeline/Particles/Lit': fallback shader 'Universal Render Pipeline/Particles/SimpleLit' not found
Shader 'Universal Render Pipeline/Particles/Lit': fallback shader 'Universal Render Pipeline/Particles/SimpleLit' not found
Refreshing native plugins compatible for Editor in 0.65 ms, found 0 plugins.
Preloading 0 native plugins for Editor in 0.00 ms.
Unloading 3137 Unused Serialized files (Serialized files now loaded: 0)
System memory in use before: 155.2 MB.
System memory in use after: 153.1 MB.

Unloading 48 unused Assets to reduce memory usage. Loaded Objects now: 3851.
Total: 7.310100 ms (FindLiveObjects: 0.379300 ms CreateObjectMapping: 0.131500 ms MarkObjects: 5.245400 ms  DeleteObjects: 1.552000 ms)

========================================================================
Received Prepare
Registering precompiled user dll's ...
Registered in 0.004507 seconds.
Begin MonoManager ReloadAssembly
Native extension for WindowsStandalone target not found
Native extension for WebGL target not found
Refreshing native plugins compatible for Editor in 0.70 ms, found 0 plugins.
Preloading 0 native plugins for Editor in 0.00 ms.
Invoked RoslynAnalysisRunner static constructor.
RoslynAnalysisRunner will not be running.
RoslynAnalysisRunner has terminated.
Mono: successfully reloaded assembly
- Completed reload, in  1.547 seconds
Platform modules already initialized, skipping
Script is not up to date after domain reload: guid(9b75ee86b434647449065a1c151043a8) path("Assets/Scripts/Tools.cs") state(2)
Shader 'Universal Render Pipeline/Particles/Lit': fallback shader 'Universal Render Pipeline/Particles/SimpleLit' not found
Shader 'Universal Render Pipeline/Particles/Lit': fallback shader 'Universal Render Pipeline/Particles/SimpleLit' not found
Refreshing native plugins compatible for Editor in 0.80 ms, found 0 plugins.
Preloading 0 native plugins for Editor in 0.00 ms.
Unloading 3138 Unused Serialized files (Serialized files now loaded: 0)
System memory in use before: 155.4 MB.
System memory in use after: 153.3 MB.

Unloading 48 unused Assets to reduce memory usage. Loaded Objects now: 3854.
Total: 12.705700 ms (FindLiveObjects: 0.374000 ms CreateObjectMapping: 0.132500 ms MarkObjects: 5.574000 ms  DeleteObjects: 6.623200 ms)

========================================================================
Received Prepare
Registering precompiled user dll's ...
Registered in 0.005086 seconds.
Begin MonoManager ReloadAssembly
Native extension for WindowsStandalone target not found
Native extension for WebGL target not found
Refreshing native plugins compatible for Editor in 0.74 ms, found 0 plugins.
Preloading 0 native plugins for Editor in 0.00 ms.
Invoked RoslynAnalysisRunner static constructor.
RoslynAnalysisRunner will not be running.
RoslynAnalysisRunner has terminated.
Mono: successfully reloaded assembly
- Completed reload, in  1.558 seconds
Platform modules already initialized, skipping
Shader 'Universal Render Pipeline/Particles/Lit': fallback shader 'Universal Render Pipeline/Particles/SimpleLit' not found
Shader 'Universal Render Pipeline/Particles/Lit': fallback shader 'Universal Render Pipeline/Particles/SimpleLit' not found
Refreshing native plugins compatible for Editor in 0.69 ms, found 0 plugins.
Preloading 0 native plugins for Editor in 0.00 ms.
Unloading 3139 Unused Serialized files (Serialized files now loaded: 0)
System memory in use before: 155.4 MB.
System memory in use after: 153.4 MB.

Unloading 48 unused Assets to reduce memory usage. Loaded Objects now: 3857.
Total: 7.573400 ms (FindLiveObjects: 0.347300 ms CreateObjectMapping: 0.134400 ms MarkObjects: 5.479200 ms  DeleteObjects: 1.610700 ms)

========================================================================
Received Import Request.
  Time since last request: 285.757576 seconds.
  path: Assets/Scripts/PostProcessing.cs
  artifactKey: Guid(d9b7ae459694c89459f4db451e43258a) Importer(815301076,1909f56bfc062723c751e8b465ee728b)
Start importing Assets/Scripts/PostProcessing.cs using Guid(d9b7ae459694c89459f4db451e43258a) Importer(815301076,1909f56bfc062723c751e8b465ee728b)  -> (artifact id: '70fae40c4f5e0942514e0632f7514559') in 0.012732 seconds
  Import took 0.019877 seconds .

========================================================================
Received Prepare
Registering precompiled user dll's ...
Registered in 0.007334 seconds.
Begin MonoManager ReloadAssembly
Native extension for WindowsStandalone target not found
Native extension for WebGL target not found
Refreshing native plugins compatible for Editor in 0.69 ms, found 0 plugins.
Preloading 0 native plugins for Editor in 0.00 ms.
Invoked RoslynAnalysisRunner static constructor.
RoslynAnalysisRunner will not be running.
RoslynAnalysisRunner has terminated.
Mono: successfully reloaded assembly
- Completed reload, in  1.472 seconds
Platform modules already initialized, skipping
Shader 'Universal Render Pipeline/Particles/Lit': fallback shader 'Universal Render Pipeline/Particles/SimpleLit' not found
Shader 'Universal Render Pipeline/Particles/Lit': fallback shader 'Universal Render Pipeline/Particles/SimpleLit' not found
Refreshing native plugins compatible for Editor in 0.67 ms, found 0 plugins.
Preloading 0 native plugins for Editor in 0.00 ms.
Unloading 3139 Unused Serialized files (Serialized files now loaded: 0)
System memory in use before: 155.4 MB.
System memory in use after: 153.4 MB.

Unloading 48 unused Assets to reduce memory usage. Loaded Objects now: 3859.
Total: 7.554700 ms (FindLiveObjects: 0.577200 ms CreateObjectMapping: 0.173700 ms MarkObjects: 5.272300 ms  DeleteObjects: 1.521000 ms)

========================================================================
Received Import Request.
  Time since last request: 30.642514 seconds.
  path: Assets/Scripts/PlayerSprintSystem.cs
  artifactKey: Guid(56b251769d4303a46bd5b65c42a4ce56) Importer(815301076,1909f56bfc062723c751e8b465ee728b)
Start importing Assets/Scripts/PlayerSprintSystem.cs using Guid(56b251769d4303a46bd5b65c42a4ce56) Importer(815301076,1909f56bfc062723c751e8b465ee728b)  -> (artifact id: '94868cda1325932b0be31e618c1f54e2') in 0.021482 seconds
  Import took 0.031089 seconds .

========================================================================
Received Import Request.
  Time since last request: 0.000928 seconds.
  path: Assets/Scripts/PlayerSprintSystem.cs
  artifactKey: Guid(56b251769d4303a46bd5b65c42a4ce56) Importer(815301076,1909f56bfc062723c751e8b465ee728b)
Start importing Assets/Scripts/PlayerSprintSystem.cs using Guid(56b251769d4303a46bd5b65c42a4ce56) Importer(815301076,1909f56bfc062723c751e8b465ee728b)  -> (artifact id: '94868cda1325932b0be31e618c1f54e2') in 0.004126 seconds
  Import took 0.013749 seconds .

========================================================================
Received Prepare
Registering precompiled user dll's ...
Registered in 0.005083 seconds.
Begin MonoManager ReloadAssembly
Native extension for WindowsStandalone target not found
Native extension for WebGL target not found
Refreshing native plugins compatible for Editor in 0.66 ms, found 0 plugins.
Preloading 0 native plugins for Editor in 0.00 ms.
Invoked RoslynAnalysisRunner static constructor.
RoslynAnalysisRunner will not be running.
RoslynAnalysisRunner has terminated.
Mono: successfully reloaded assembly
- Completed reload, in  1.522 seconds
Platform modules already initialized, skipping
Shader 'Universal Render Pipeline/Particles/Lit': fallback shader 'Universal Render Pipeline/Particles/SimpleLit' not found
Shader 'Universal Render Pipeline/Particles/Lit': fallback shader 'Universal Render Pipeline/Particles/SimpleLit' not found
Refreshing native plugins compatible for Editor in 0.71 ms, found 0 plugins.
Preloading 0 native plugins for Editor in 0.00 ms.
Unloading 3140 Unused Serialized files (Serialized files now loaded: 0)
System memory in use before: 155.5 MB.
System memory in use after: 153.4 MB.

Unloading 48 unused Assets to reduce memory usage. Loaded Objects now: 3862.
Total: 7.709700 ms (FindLiveObjects: 0.698000 ms CreateObjectMapping: 0.271800 ms MarkObjects: 5.183300 ms  DeleteObjects: 1.554300 ms)

========================================================================
Received Import Request.
  Time since last request: 101.833172 seconds.
  path: Assets/Scripts/PlayerSprintSystem.cs
  artifactKey: Guid(56b251769d4303a46bd5b65c42a4ce56) Importer(815301076,1909f56bfc062723c751e8b465ee728b)
Start importing Assets/Scripts/PlayerSprintSystem.cs using Guid(56b251769d4303a46bd5b65c42a4ce56) Importer(815301076,1909f56bfc062723c751e8b465ee728b)  -> (artifact id: 'de0e44c6c20bb1b53e1f60c958c2edf5') in 0.007337 seconds
  Import took 0.013820 seconds .

========================================================================
Received Import Request.
  Time since last request: 12.567834 seconds.
  path: Assets/Prefabs/Player.prefab
  artifactKey: Guid(95e45171925026a4baf952ab4bde34d7) Importer(815301076,1909f56bfc062723c751e8b465ee728b)
Start importing Assets/Prefabs/Player.prefab using Guid(95e45171925026a4baf952ab4bde34d7) Importer(815301076,1909f56bfc062723c751e8b465ee728b)  -> (artifact id: '5a621509edf0aab9d8cba5d983f03a3c') in 0.291168 seconds
  Import took 0.303066 seconds .

========================================================================
Received Import Request.
  Time since last request: 3.036146 seconds.
  path: Assets/Prefabs/Player.prefab
  artifactKey: Guid(95e45171925026a4baf952ab4bde34d7) Importer(815301076,1909f56bfc062723c751e8b465ee728b)
Start importing Assets/Prefabs/Player.prefab using Guid(95e45171925026a4baf952ab4bde34d7) Importer(815301076,1909f56bfc062723c751e8b465ee728b)  -> (artifact id: '3600445fcbf6905b91655d4c35383bdd') in 0.095266 seconds
  Import took 0.105239 seconds .

========================================================================
Received Import Request.
  Time since last request: 6.695517 seconds.
  path: Assets/Prefabs/Player.prefab
  artifactKey: Guid(95e45171925026a4baf952ab4bde34d7) Importer(815301076,1909f56bfc062723c751e8b465ee728b)
Start importing Assets/Prefabs/Player.prefab using Guid(95e45171925026a4baf952ab4bde34d7) Importer(815301076,1909f56bfc062723c751e8b465ee728b)  -> (artifact id: 'c7b7eb9c8e268239d61db8d3a3af0ec9') in 0.101720 seconds
  Import took 0.111488 seconds .

========================================================================
Received Import Request.
  Time since last request: 3.560423 seconds.
  path: Assets/Prefabs/Player.prefab
  artifactKey: Guid(95e45171925026a4baf952ab4bde34d7) Importer(815301076,1909f56bfc062723c751e8b465ee728b)
Start importing Assets/Prefabs/Player.prefab using Guid(95e45171925026a4baf952ab4bde34d7) Importer(815301076,1909f56bfc062723c751e8b465ee728b)  -> (artifact id: '2e92665e87167d3dd9dc3b346ff0f9a8') in 0.093015 seconds
  Import took 0.103494 seconds .

========================================================================
Received Import Request.
  Time since last request: 1.697160 seconds.
  path: Assets/Prefabs/Player.prefab
  artifactKey: Guid(95e45171925026a4baf952ab4bde34d7) Importer(815301076,1909f56bfc062723c751e8b465ee728b)
Start importing Assets/Prefabs/Player.prefab using Guid(95e45171925026a4baf952ab4bde34d7) Importer(815301076,1909f56bfc062723c751e8b465ee728b)  -> (artifact id: '011d0d90fb1361b0fe74ac5837bfb14a') in 0.092415 seconds
  Import took 0.102304 seconds .

========================================================================
Received Import Request.
  Time since last request: 3.572330 seconds.
  path: Assets/Prefabs/Player.prefab
  artifactKey: Guid(95e45171925026a4baf952ab4bde34d7) Importer(815301076,1909f56bfc062723c751e8b465ee728b)
Start importing Assets/Prefabs/Player.prefab using Guid(95e45171925026a4baf952ab4bde34d7) Importer(815301076,1909f56bfc062723c751e8b465ee728b)  -> (artifact id: '6ed13d6f5b7d1157b4d6c5e0995dcbbc') in 0.094875 seconds
  Import took 0.104730 seconds .

========================================================================
Received Import Request.
  Time since last request: 4.367540 seconds.
  path: Assets/Prefabs/Player.prefab
  artifactKey: Guid(95e45171925026a4baf952ab4bde34d7) Importer(815301076,1909f56bfc062723c751e8b465ee728b)
Start importing Assets/Prefabs/Player.prefab using Guid(95e45171925026a4baf952ab4bde34d7) Importer(815301076,1909f56bfc062723c751e8b465ee728b)  -> (artifact id: 'fc9b8c0a6c3f44d7b138c50a7bcf79a0') in 0.091430 seconds
  Import took 0.100438 seconds .

========================================================================
Received Import Request.
  Time since last request: 67.033930 seconds.
  path: Assets/Icons/download.png
  artifactKey: Guid(7368d34095d54884fb60922466085e1e) Importer(815301076,1909f56bfc062723c751e8b465ee728b)
Start importing Assets/Icons/download.png using Guid(7368d34095d54884fb60922466085e1e) Importer(815301076,1909f56bfc062723c751e8b465ee728b)  -> (artifact id: 'ea6212438bc8f61d801149cebc0ee0d3') in 0.065387 seconds
  Import took 0.072871 seconds .

========================================================================
Received Import Request.
  Time since last request: 3.311561 seconds.
  path: Assets/Icons/download.png
  artifactKey: Guid(7368d34095d54884fb60922466085e1e) Importer(815301076,1909f56bfc062723c751e8b465ee728b)
Start importing Assets/Icons/download.png using Guid(7368d34095d54884fb60922466085e1e) Importer(815301076,1909f56bfc062723c751e8b465ee728b)  -> (artifact id: '3797a6653a4f66983bad4a92f0caddff') in 0.032435 seconds
  Import took 0.040619 seconds .

========================================================================
Received Prepare
Registering precompiled user dll's ...
Registered in 0.005942 seconds.
Begin MonoManager ReloadAssembly
Native extension for WindowsStandalone target not found
Native extension for WebGL target not found
Refreshing native plugins compatible for Editor in 2.59 ms, found 0 plugins.
Preloading 0 native plugins for Editor in 0.00 ms.
Invoked RoslynAnalysisRunner static constructor.
RoslynAnalysisRunner will not be running.
RoslynAnalysisRunner has terminated.
Mono: successfully reloaded assembly
- Completed reload, in  3.570 seconds
Platform modules already initialized, skipping
Shader 'Universal Render Pipeline/Particles/Lit': fallback shader 'Universal Render Pipeline/Particles/SimpleLit' not found
Shader 'Universal Render Pipeline/Particles/Lit': fallback shader 'Universal Render Pipeline/Particles/SimpleLit' not found
Refreshing native plugins compatible for Editor in 0.70 ms, found 0 plugins.
Preloading 0 native plugins for Editor in 0.00 ms.
Unloading 3140 Unused Serialized files (Serialized files now loaded: 0)
System memory in use before: 155.7 MB.
System memory in use after: 153.6 MB.

Unloading 48 unused Assets to reduce memory usage. Loaded Objects now: 3902.
Total: 28.168300 ms (FindLiveObjects: 1.003400 ms CreateObjectMapping: 0.457500 ms MarkObjects: 21.582200 ms  DeleteObjects: 5.122400 ms)

========================================================================
Received Prepare
Registering precompiled user dll's ...
Registered in 0.004789 seconds.
Begin MonoManager ReloadAssembly
Native extension for WindowsStandalone target not found
Native extension for WebGL target not found
Refreshing native plugins compatible for Editor in 0.66 ms, found 0 plugins.
Preloading 0 native plugins for Editor in 0.00 ms.
Invoked RoslynAnalysisRunner static constructor.
RoslynAnalysisRunner will not be running.
RoslynAnalysisRunner has terminated.
Mono: successfully reloaded assembly
- Completed reload, in  1.496 seconds
Platform modules already initialized, skipping
Shader 'Universal Render Pipeline/Particles/Lit': fallback shader 'Universal Render Pipeline/Particles/SimpleLit' not found
Shader 'Universal Render Pipeline/Particles/Lit': fallback shader 'Universal Render Pipeline/Particles/SimpleLit' not found
Refreshing native plugins compatible for Editor in 0.76 ms, found 0 plugins.
Preloading 0 native plugins for Editor in 0.00 ms.
Unloading 3140 Unused Serialized files (Serialized files now loaded: 0)
System memory in use before: 155.8 MB.
System memory in use after: 153.8 MB.

Unloading 48 unused Assets to reduce memory usage. Loaded Objects now: 3904.
Total: 8.120500 ms (FindLiveObjects: 0.632700 ms CreateObjectMapping: 0.168900 ms MarkObjects: 5.005200 ms  DeleteObjects: 2.311300 ms)

========================================================================
Received Prepare
Registering precompiled user dll's ...
Registered in 0.004472 seconds.
Begin MonoManager ReloadAssembly
Native extension for WindowsStandalone target not found
Native extension for WebGL target not found
Refreshing native plugins compatible for Editor in 0.77 ms, found 0 plugins.
Preloading 0 native plugins for Editor in 0.00 ms.
Invoked RoslynAnalysisRunner static constructor.
RoslynAnalysisRunner will not be running.
RoslynAnalysisRunner has terminated.
Mono: successfully reloaded assembly
- Completed reload, in  1.550 seconds
Platform modules already initialized, skipping
Shader 'Universal Render Pipeline/Particles/Lit': fallback shader 'Universal Render Pipeline/Particles/SimpleLit' not found
Shader 'Universal Render Pipeline/Particles/Lit': fallback shader 'Universal Render Pipeline/Particles/SimpleLit' not found
Refreshing native plugins compatible for Editor in 0.66 ms, found 0 plugins.
Preloading 0 native plugins for Editor in 0.00 ms.
Unloading 3140 Unused Serialized files (Serialized files now loaded: 0)
System memory in use before: 155.8 MB.
System memory in use after: 153.8 MB.

Unloading 48 unused Assets to reduce memory usage. Loaded Objects now: 3906.
Total: 7.547700 ms (FindLiveObjects: 0.570900 ms CreateObjectMapping: 0.130100 ms MarkObjects: 5.258800 ms  DeleteObjects: 1.586300 ms)

========================================================================
Received Prepare
Registering precompiled user dll's ...
Registered in 0.004713 seconds.
Begin MonoManager ReloadAssembly
Native extension for WindowsStandalone target not found
Native extension for WebGL target not found
Refreshing native plugins compatible for Editor in 0.69 ms, found 0 plugins.
Preloading 0 native plugins for Editor in 0.00 ms.
Invoked RoslynAnalysisRunner static constructor.
RoslynAnalysisRunner will not be running.
RoslynAnalysisRunner has terminated.
Mono: successfully reloaded assembly
- Completed reload, in  1.491 seconds
Platform modules already initialized, skipping
Shader 'Universal Render Pipeline/Particles/Lit': fallback shader 'Universal Render Pipeline/Particles/SimpleLit' not found
Shader 'Universal Render Pipeline/Particles/Lit': fallback shader 'Universal Render Pipeline/Particles/SimpleLit' not found
Refreshing native plugins compatible for Editor in 0.80 ms, found 0 plugins.
Preloading 0 native plugins for Editor in 0.00 ms.
Unloading 3140 Unused Serialized files (Serialized files now loaded: 0)
System memory in use before: 155.8 MB.
System memory in use after: 153.8 MB.

Unloading 48 unused Assets to reduce memory usage. Loaded Objects now: 3908.
Total: 7.463900 ms (FindLiveObjects: 0.379600 ms CreateObjectMapping: 0.209400 ms MarkObjects: 5.286700 ms  DeleteObjects: 1.586900 ms)

========================================================================
Received Prepare
Registering precompiled user dll's ...
Registered in 0.007068 seconds.
Begin MonoManager ReloadAssembly
Native extension for WindowsStandalone target not found
Native extension for WebGL target not found
Refreshing native plugins compatible for Editor in 0.65 ms, found 0 plugins.
Preloading 0 native plugins for Editor in 0.00 ms.
Invoked RoslynAnalysisRunner static constructor.
RoslynAnalysisRunner will not be running.
RoslynAnalysisRunner has terminated.
Mono: successfully reloaded assembly
- Completed reload, in  1.548 seconds
Platform modules already initialized, skipping
Shader 'Universal Render Pipeline/Particles/Lit': fallback shader 'Universal Render Pipeline/Particles/SimpleLit' not found
Shader 'Universal Render Pipeline/Particles/Lit': fallback shader 'Universal Render Pipeline/Particles/SimpleLit' not found
Refreshing native plugins compatible for Editor in 0.68 ms, found 0 plugins.
Preloading 0 native plugins for Editor in 0.00 ms.
Unloading 3140 Unused Serialized files (Serialized files now loaded: 0)
System memory in use before: 155.8 MB.
System memory in use after: 153.8 MB.

Unloading 48 unused Assets to reduce memory usage. Loaded Objects now: 3910.
Total: 8.483600 ms (FindLiveObjects: 0.352200 ms CreateObjectMapping: 0.132800 ms MarkObjects: 6.307500 ms  DeleteObjects: 1.689500 ms)

========================================================================
Received Import Request.
  Time since last request: 400.358600 seconds.
  path: Assets/Prefabs/Player.prefab
  artifactKey: Guid(95e45171925026a4baf952ab4bde34d7) Importer(815301076,1909f56bfc062723c751e8b465ee728b)
Start importing Assets/Prefabs/Player.prefab using Guid(95e45171925026a4baf952ab4bde34d7) Importer(815301076,1909f56bfc062723c751e8b465ee728b)  -> (artifact id: '618cb453c240f77f07e183c7e02276bd') in 0.308305 seconds
  Import took 0.318712 seconds .

========================================================================
Received Import Request.
  Time since last request: 4.135898 seconds.
  path: Assets/Prefabs/Player.prefab
  artifactKey: Guid(95e45171925026a4baf952ab4bde34d7) Importer(815301076,1909f56bfc062723c751e8b465ee728b)
Start importing Assets/Prefabs/Player.prefab using Guid(95e45171925026a4baf952ab4bde34d7) Importer(815301076,1909f56bfc062723c751e8b465ee728b)  -> (artifact id: '64d58dac8e6b00a39b94203d85d63a5f') in 0.088768 seconds
  Import took 0.097494 seconds .

========================================================================
Received Import Request.
  Time since last request: 1.942226 seconds.
  path: Assets/Prefabs/Player.prefab
  artifactKey: Guid(95e45171925026a4baf952ab4bde34d7) Importer(815301076,1909f56bfc062723c751e8b465ee728b)
Start importing Assets/Prefabs/Player.prefab using Guid(95e45171925026a4baf952ab4bde34d7) Importer(815301076,1909f56bfc062723c751e8b465ee728b)  -> (artifact id: 'd52c138bae86ca521c8ae4a689c23b54') in 0.089619 seconds
  Import took 0.098302 seconds .

========================================================================
Received Import Request.
  Time since last request: 2.735544 seconds.
  path: Assets/Prefabs/Player.prefab
  artifactKey: Guid(95e45171925026a4baf952ab4bde34d7) Importer(815301076,1909f56bfc062723c751e8b465ee728b)
Start importing Assets/Prefabs/Player.prefab using Guid(95e45171925026a4baf952ab4bde34d7) Importer(815301076,1909f56bfc062723c751e8b465ee728b)  -> (artifact id: 'd039fd89e2871b89298e529bf9b6b90a') in 0.089063 seconds
  Import took 0.098469 seconds .

========================================================================
Received Import Request.
  Time since last request: 2.950947 seconds.
  path: Assets/Prefabs/Player.prefab
  artifactKey: Guid(95e45171925026a4baf952ab4bde34d7) Importer(815301076,1909f56bfc062723c751e8b465ee728b)
Start importing Assets/Prefabs/Player.prefab using Guid(95e45171925026a4baf952ab4bde34d7) Importer(815301076,1909f56bfc062723c751e8b465ee728b)  -> (artifact id: '006387f22b92129d442ae0c7aa61075e') in 0.093685 seconds
  Import took 0.102800 seconds .

========================================================================
Received Import Request.
  Time since last request: 1.521094 seconds.
  path: Assets/Prefabs/Player.prefab
  artifactKey: Guid(95e45171925026a4baf952ab4bde34d7) Importer(815301076,1909f56bfc062723c751e8b465ee728b)
Start importing Assets/Prefabs/Player.prefab using Guid(95e45171925026a4baf952ab4bde34d7) Importer(815301076,1909f56bfc062723c751e8b465ee728b)  -> (artifact id: '8a104df94389d223197228759b2818d3') in 0.097115 seconds
  Import took 0.107885 seconds .

========================================================================
Received Import Request.
  Time since last request: 0.508702 seconds.
  path: Assets/Prefabs/Player.prefab
  artifactKey: Guid(95e45171925026a4baf952ab4bde34d7) Importer(815301076,1909f56bfc062723c751e8b465ee728b)
Start importing Assets/Prefabs/Player.prefab using Guid(95e45171925026a4baf952ab4bde34d7) Importer(815301076,1909f56bfc062723c751e8b465ee728b)  -> (artifact id: 'ebba6be176d38023a4cbb36fa0cb59f7') in 0.102552 seconds
  Import took 0.112280 seconds .

========================================================================
Received Import Request.
  Time since last request: 3.114019 seconds.
  path: Assets/Prefabs/Player.prefab
  artifactKey: Guid(95e45171925026a4baf952ab4bde34d7) Importer(815301076,1909f56bfc062723c751e8b465ee728b)
Start importing Assets/Prefabs/Player.prefab using Guid(95e45171925026a4baf952ab4bde34d7) Importer(815301076,1909f56bfc062723c751e8b465ee728b)  -> (artifact id: '0c491275727d96db964bd92b444e236d') in 0.095554 seconds
  Import took 0.110907 seconds .

========================================================================
Received Prepare
Registering precompiled user dll's ...
Registered in 0.004583 seconds.
Begin MonoManager ReloadAssembly
Native extension for WindowsStandalone target not found
Native extension for WebGL target not found
Refreshing native plugins compatible for Editor in 0.65 ms, found 0 plugins.
Preloading 0 native plugins for Editor in 0.00 ms.
Invoked RoslynAnalysisRunner static constructor.
RoslynAnalysisRunner will not be running.
RoslynAnalysisRunner has terminated.
Mono: successfully reloaded assembly
- Completed reload, in  1.634 seconds
Platform modules already initialized, skipping
Shader 'Universal Render Pipeline/Particles/Lit': fallback shader 'Universal Render Pipeline/Particles/SimpleLit' not found
Shader 'Universal Render Pipeline/Particles/Lit': fallback shader 'Universal Render Pipeline/Particles/SimpleLit' not found
Refreshing native plugins compatible for Editor in 0.65 ms, found 0 plugins.
Preloading 0 native plugins for Editor in 0.00 ms.
Unloading 3140 Unused Serialized files (Serialized files now loaded: 0)
System memory in use before: 156.0 MB.
System memory in use after: 153.9 MB.

Unloading 48 unused Assets to reduce memory usage. Loaded Objects now: 3948.
Total: 7.262800 ms (FindLiveObjects: 0.329900 ms CreateObjectMapping: 0.124800 ms MarkObjects: 5.216700 ms  DeleteObjects: 1.589900 ms)

========================================================================
Received Prepare
Registering precompiled user dll's ...
Registered in 0.005280 seconds.
Begin MonoManager ReloadAssembly
Native extension for WindowsStandalone target not found
Native extension for WebGL target not found
Refreshing native plugins compatible for Editor in 1.00 ms, found 0 plugins.
Preloading 0 native plugins for Editor in 0.00 ms.
Invoked RoslynAnalysisRunner static constructor.
RoslynAnalysisRunner will not be running.
RoslynAnalysisRunner has terminated.
Mono: successfully reloaded assembly
- Completed reload, in  1.675 seconds
Platform modules already initialized, skipping
Shader 'Universal Render Pipeline/Particles/Lit': fallback shader 'Universal Render Pipeline/Particles/SimpleLit' not found
Shader 'Universal Render Pipeline/Particles/Lit': fallback shader 'Universal Render Pipeline/Particles/SimpleLit' not found
Refreshing native plugins compatible for Editor in 0.75 ms, found 0 plugins.
Preloading 0 native plugins for Editor in 0.00 ms.
Unloading 3140 Unused Serialized files (Serialized files now loaded: 0)
System memory in use before: 156.1 MB.
System memory in use after: 154.0 MB.

Unloading 48 unused Assets to reduce memory usage. Loaded Objects now: 3950.
Total: 8.673700 ms (FindLiveObjects: 0.608200 ms CreateObjectMapping: 0.343100 ms MarkObjects: 5.659900 ms  DeleteObjects: 2.060100 ms)

========================================================================
Received Prepare
Registering precompiled user dll's ...
Registered in 0.004397 seconds.
Begin MonoManager ReloadAssembly
Native extension for WindowsStandalone target not found
Native extension for WebGL target not found
Refreshing native plugins compatible for Editor in 0.71 ms, found 0 plugins.
Preloading 0 native plugins for Editor in 0.00 ms.
Invoked RoslynAnalysisRunner static constructor.
RoslynAnalysisRunner will not be running.
RoslynAnalysisRunner has terminated.
Mono: successfully reloaded assembly
- Completed reload, in  1.490 seconds
Platform modules already initialized, skipping
Shader 'Universal Render Pipeline/Particles/Lit': fallback shader 'Universal Render Pipeline/Particles/SimpleLit' not found
Shader 'Universal Render Pipeline/Particles/Lit': fallback shader 'Universal Render Pipeline/Particles/SimpleLit' not found
Refreshing native plugins compatible for Editor in 0.69 ms, found 0 plugins.
Preloading 0 native plugins for Editor in 0.00 ms.
Unloading 3140 Unused Serialized files (Serialized files now loaded: 0)
System memory in use before: 156.1 MB.
System memory in use after: 154.0 MB.

Unloading 48 unused Assets to reduce memory usage. Loaded Objects now: 3952.
Total: 7.292900 ms (FindLiveObjects: 0.548600 ms CreateObjectMapping: 0.162200 ms MarkObjects: 4.948300 ms  DeleteObjects: 1.632200 ms)

========================================================================
Received Prepare
Registering precompiled user dll's ...
Registered in 0.004459 seconds.
Begin MonoManager ReloadAssembly
Native extension for WindowsStandalone target not found
Native extension for WebGL target not found
Refreshing native plugins compatible for Editor in 0.71 ms, found 0 plugins.
Preloading 0 native plugins for Editor in 0.00 ms.
Invoked RoslynAnalysisRunner static constructor.
RoslynAnalysisRunner will not be running.
RoslynAnalysisRunner has terminated.
Mono: successfully reloaded assembly
- Completed reload, in  1.506 seconds
Platform modules already initialized, skipping
Shader 'Universal Render Pipeline/Particles/Lit': fallback shader 'Universal Render Pipeline/Particles/SimpleLit' not found
Shader 'Universal Render Pipeline/Particles/Lit': fallback shader 'Universal Render Pipeline/Particles/SimpleLit' not found
Refreshing native plugins compatible for Editor in 0.67 ms, found 0 plugins.
Preloading 0 native plugins for Editor in 0.00 ms.
Unloading 3140 Unused Serialized files (Serialized files now loaded: 0)
System memory in use before: 156.1 MB.
System memory in use after: 154.0 MB.

Unloading 48 unused Assets to reduce memory usage. Loaded Objects now: 3954.
Total: 7.174300 ms (FindLiveObjects: 0.433200 ms CreateObjectMapping: 0.206400 ms MarkObjects: 4.886700 ms  DeleteObjects: 1.646300 ms)

========================================================================
Received Import Request.
  Time since last request: 93.942484 seconds.
  path: Assets/Prefabs/Player.prefab
  artifactKey: Guid(95e45171925026a4baf952ab4bde34d7) Importer(815301076,1909f56bfc062723c751e8b465ee728b)
Start importing Assets/Prefabs/Player.prefab using Guid(95e45171925026a4baf952ab4bde34d7) Importer(815301076,1909f56bfc062723c751e8b465ee728b)  -> (artifact id: '02b100f70a87bf73b6782923fed353b4') in 0.308233 seconds
  Import took 0.317508 seconds .

========================================================================
Received Import Request.
  Time since last request: 0.263623 seconds.
  path: Assets/Prefabs/Player.prefab
  artifactKey: Guid(95e45171925026a4baf952ab4bde34d7) Importer(815301076,1909f56bfc062723c751e8b465ee728b)
Start importing Assets/Prefabs/Player.prefab using Guid(95e45171925026a4baf952ab4bde34d7) Importer(815301076,1909f56bfc062723c751e8b465ee728b)  -> (artifact id: '578f8f2cf3e0fee08b4a8a037b20e6fd') in 0.085697 seconds
  Import took 0.094685 seconds .

========================================================================
Received Import Request.
  Time since last request: 3.476715 seconds.
  path: Assets/Prefabs/Player.prefab
  artifactKey: Guid(95e45171925026a4baf952ab4bde34d7) Importer(815301076,1909f56bfc062723c751e8b465ee728b)
Start importing Assets/Prefabs/Player.prefab using Guid(95e45171925026a4baf952ab4bde34d7) Importer(815301076,1909f56bfc062723c751e8b465ee728b)  -> (artifact id: '545e5eaaf01d62275dd95d5612740f9e') in 0.095969 seconds
  Import took 0.105227 seconds .

========================================================================
Received Import Request.
  Time since last request: 4.901306 seconds.
  path: Assets/Prefabs/Player.prefab
  artifactKey: Guid(95e45171925026a4baf952ab4bde34d7) Importer(815301076,1909f56bfc062723c751e8b465ee728b)
Start importing Assets/Prefabs/Player.prefab using Guid(95e45171925026a4baf952ab4bde34d7) Importer(815301076,1909f56bfc062723c751e8b465ee728b)  -> (artifact id: 'e33acc2475b7201b34b9a1f1836e3508') in 0.088637 seconds
  Import took 0.097759 seconds .

========================================================================
Received Prepare
Registering precompiled user dll's ...
Registered in 0.004547 seconds.
Begin MonoManager ReloadAssembly
Native extension for WindowsStandalone target not found
Native extension for WebGL target not found
Refreshing native plugins compatible for Editor in 0.78 ms, found 0 plugins.
Preloading 0 native plugins for Editor in 0.00 ms.
Invoked RoslynAnalysisRunner static constructor.
RoslynAnalysisRunner will not be running.
RoslynAnalysisRunner has terminated.
Mono: successfully reloaded assembly
- Completed reload, in  1.720 seconds
Platform modules already initialized, skipping
Shader 'Universal Render Pipeline/Particles/Lit': fallback shader 'Universal Render Pipeline/Particles/SimpleLit' not found
Shader 'Universal Render Pipeline/Particles/Lit': fallback shader 'Universal Render Pipeline/Particles/SimpleLit' not found
Refreshing native plugins compatible for Editor in 0.66 ms, found 0 plugins.
Preloading 0 native plugins for Editor in 0.00 ms.
Unloading 3140 Unused Serialized files (Serialized files now loaded: 0)
System memory in use before: 156.2 MB.
System memory in use after: 154.2 MB.

Unloading 48 unused Assets to reduce memory usage. Loaded Objects now: 3992.
Total: 7.272100 ms (FindLiveObjects: 0.338700 ms CreateObjectMapping: 0.124700 ms MarkObjects: 5.110000 ms  DeleteObjects: 1.697400 ms)

========================================================================
Received Import Request.
  Time since last request: 37.470217 seconds.
  path: Assets/Prefabs/Player.prefab
  artifactKey: Guid(95e45171925026a4baf952ab4bde34d7) Importer(815301076,1909f56bfc062723c751e8b465ee728b)
Start importing Assets/Prefabs/Player.prefab using Guid(95e45171925026a4baf952ab4bde34d7) Importer(815301076,1909f56bfc062723c751e8b465ee728b)  -> (artifact id: 'ffabbc58e3f5526aff842f8e7d9e93e0') in 0.342215 seconds
  Import took 0.351472 seconds .

========================================================================
Received Prepare
Registering precompiled user dll's ...
Registered in 0.004819 seconds.
Begin MonoManager ReloadAssembly
Native extension for WindowsStandalone target not found
Native extension for WebGL target not found
Refreshing native plugins compatible for Editor in 0.66 ms, found 0 plugins.
Preloading 0 native plugins for Editor in 0.00 ms.
Invoked RoslynAnalysisRunner static constructor.
RoslynAnalysisRunner will not be running.
RoslynAnalysisRunner has terminated.
Mono: successfully reloaded assembly
- Completed reload, in  1.512 seconds
Platform modules already initialized, skipping
Shader 'Universal Render Pipeline/Particles/Lit': fallback shader 'Universal Render Pipeline/Particles/SimpleLit' not found
Shader 'Universal Render Pipeline/Particles/Lit': fallback shader 'Universal Render Pipeline/Particles/SimpleLit' not found
Refreshing native plugins compatible for Editor in 0.76 ms, found 0 plugins.
Preloading 0 native plugins for Editor in 0.00 ms.
Unloading 3140 Unused Serialized files (Serialized files now loaded: 0)
System memory in use before: 156.3 MB.
System memory in use after: 154.2 MB.

Unloading 48 unused Assets to reduce memory usage. Loaded Objects now: 4030.
Total: 7.701800 ms (FindLiveObjects: 0.539500 ms CreateObjectMapping: 0.350800 ms MarkObjects: 5.174300 ms  DeleteObjects: 1.635800 ms)

========================================================================
Received Prepare
Registering precompiled user dll's ...
Registered in 0.004487 seconds.
Begin MonoManager ReloadAssembly
Native extension for WindowsStandalone target not found
Native extension for WebGL target not found
Refreshing native plugins compatible for Editor in 0.65 ms, found 0 plugins.
Preloading 0 native plugins for Editor in 0.00 ms.
Invoked RoslynAnalysisRunner static constructor.
RoslynAnalysisRunner will not be running.
RoslynAnalysisRunner has terminated.
Mono: successfully reloaded assembly
- Completed reload, in  1.553 seconds
Platform modules already initialized, skipping
Shader 'Universal Render Pipeline/Particles/Lit': fallback shader 'Universal Render Pipeline/Particles/SimpleLit' not found
Shader 'Universal Render Pipeline/Particles/Lit': fallback shader 'Universal Render Pipeline/Particles/SimpleLit' not found
Refreshing native plugins compatible for Editor in 0.68 ms, found 0 plugins.
Preloading 0 native plugins for Editor in 0.00 ms.
Unloading 3140 Unused Serialized files (Serialized files now loaded: 0)
System memory in use before: 156.4 MB.
System memory in use after: 154.3 MB.

Unloading 48 unused Assets to reduce memory usage. Loaded Objects now: 4032.
Total: 7.205200 ms (FindLiveObjects: 0.349900 ms CreateObjectMapping: 0.128200 ms MarkObjects: 5.154300 ms  DeleteObjects: 1.570900 ms)

========================================================================
Received Prepare
Registering precompiled user dll's ...
Registered in 0.004529 seconds.
Begin MonoManager ReloadAssembly
Native extension for WindowsStandalone target not found
Native extension for WebGL target not found
Refreshing native plugins compatible for Editor in 0.67 ms, found 0 plugins.
Preloading 0 native plugins for Editor in 0.00 ms.
Invoked RoslynAnalysisRunner static constructor.
RoslynAnalysisRunner will not be running.
RoslynAnalysisRunner has terminated.
Mono: successfully reloaded assembly
- Completed reload, in  1.543 seconds
Platform modules already initialized, skipping
Shader 'Universal Render Pipeline/Particles/Lit': fallback shader 'Universal Render Pipeline/Particles/SimpleLit' not found
Shader 'Universal Render Pipeline/Particles/Lit': fallback shader 'Universal Render Pipeline/Particles/SimpleLit' not found
Refreshing native plugins compatible for Editor in 0.73 ms, found 0 plugins.
Preloading 0 native plugins for Editor in 0.00 ms.
Unloading 3140 Unused Serialized files (Serialized files now loaded: 0)
System memory in use before: 156.4 MB.
System memory in use after: 154.3 MB.

Unloading 48 unused Assets to reduce memory usage. Loaded Objects now: 4034.
Total: 7.643800 ms (FindLiveObjects: 0.589100 ms CreateObjectMapping: 0.167400 ms MarkObjects: 5.247800 ms  DeleteObjects: 1.637700 ms)

========================================================================
Received Prepare
Registering precompiled user dll's ...
Registered in 0.004497 seconds.
Begin MonoManager ReloadAssembly
Native extension for WindowsStandalone target not found
Native extension for WebGL target not found
Refreshing native plugins compatible for Editor in 1.01 ms, found 0 plugins.
Preloading 0 native plugins for Editor in 0.00 ms.
Invoked RoslynAnalysisRunner static constructor.
RoslynAnalysisRunner will not be running.
RoslynAnalysisRunner has terminated.
Mono: successfully reloaded assembly
- Completed reload, in  1.567 seconds
Platform modules already initialized, skipping
Shader 'Universal Render Pipeline/Particles/Lit': fallback shader 'Universal Render Pipeline/Particles/SimpleLit' not found
Shader 'Universal Render Pipeline/Particles/Lit': fallback shader 'Universal Render Pipeline/Particles/SimpleLit' not found
Refreshing native plugins compatible for Editor in 0.65 ms, found 0 plugins.
Preloading 0 native plugins for Editor in 0.00 ms.
Unloading 3140 Unused Serialized files (Serialized files now loaded: 0)
System memory in use before: 156.4 MB.
System memory in use after: 154.3 MB.

Unloading 48 unused Assets to reduce memory usage. Loaded Objects now: 4036.
Total: 8.511000 ms (FindLiveObjects: 0.322000 ms CreateObjectMapping: 0.131700 ms MarkObjects: 6.359300 ms  DeleteObjects: 1.696600 ms)

========================================================================
Received Prepare
Registering precompiled user dll's ...
Registered in 0.005640 seconds.
Begin MonoManager ReloadAssembly
Native extension for WindowsStandalone target not found
Native extension for WebGL target not found
Refreshing native plugins compatible for Editor in 0.64 ms, found 0 plugins.
Preloading 0 native plugins for Editor in 0.00 ms.
Invoked RoslynAnalysisRunner static constructor.
RoslynAnalysisRunner will not be running.
RoslynAnalysisRunner has terminated.
Mono: successfully reloaded assembly
- Completed reload, in  1.494 seconds
Platform modules already initialized, skipping
Shader 'Universal Render Pipeline/Particles/Lit': fallback shader 'Universal Render Pipeline/Particles/SimpleLit' not found
Shader 'Universal Render Pipeline/Particles/Lit': fallback shader 'Universal Render Pipeline/Particles/SimpleLit' not found
Refreshing native plugins compatible for Editor in 0.66 ms, found 0 plugins.
Preloading 0 native plugins for Editor in 0.00 ms.
Unloading 3140 Unused Serialized files (Serialized files now loaded: 0)
System memory in use before: 156.4 MB.
System memory in use after: 154.3 MB.

Unloading 48 unused Assets to reduce memory usage. Loaded Objects now: 4038.
Total: 7.507900 ms (FindLiveObjects: 0.341100 ms CreateObjectMapping: 0.126100 ms MarkObjects: 5.178500 ms  DeleteObjects: 1.860200 ms)

========================================================================
Received Prepare
Registering precompiled user dll's ...
Registered in 0.005891 seconds.
Begin MonoManager ReloadAssembly
Native extension for WindowsStandalone target not found
Native extension for WebGL target not found
Refreshing native plugins compatible for Editor in 0.76 ms, found 0 plugins.
Preloading 0 native plugins for Editor in 0.00 ms.
Invoked RoslynAnalysisRunner static constructor.
RoslynAnalysisRunner will not be running.
RoslynAnalysisRunner has terminated.
Mono: successfully reloaded assembly
- Completed reload, in  1.527 seconds
Platform modules already initialized, skipping
Shader 'Universal Render Pipeline/Particles/Lit': fallback shader 'Universal Render Pipeline/Particles/SimpleLit' not found
Shader 'Universal Render Pipeline/Particles/Lit': fallback shader 'Universal Render Pipeline/Particles/SimpleLit' not found
Refreshing native plugins compatible for Editor in 0.76 ms, found 0 plugins.
Preloading 0 native plugins for Editor in 0.00 ms.
Unloading 3140 Unused Serialized files (Serialized files now loaded: 0)
System memory in use before: 156.3 MB.
System memory in use after: 154.3 MB.

Unloading 48 unused Assets to reduce memory usage. Loaded Objects now: 4040.
Total: 7.786000 ms (FindLiveObjects: 0.401600 ms CreateObjectMapping: 0.126500 ms MarkObjects: 5.683000 ms  DeleteObjects: 1.572800 ms)

========================================================================
Received Import Request.
  Time since last request: 247.014087 seconds.
  path: Assets/Prefabs/Player.prefab
  artifactKey: Guid(95e45171925026a4baf952ab4bde34d7) Importer(815301076,1909f56bfc062723c751e8b465ee728b)
Start importing Assets/Prefabs/Player.prefab using Guid(95e45171925026a4baf952ab4bde34d7) Importer(815301076,1909f56bfc062723c751e8b465ee728b)  -> (artifact id: '56b391eb459d2cce809943fb0f595a18') in 0.343803 seconds
  Import took 0.354034 seconds .

========================================================================
Received Import Request.
  Time since last request: 1.197989 seconds.
  path: Assets/Prefabs/Player.prefab
  artifactKey: Guid(95e45171925026a4baf952ab4bde34d7) Importer(815301076,1909f56bfc062723c751e8b465ee728b)
Start importing Assets/Prefabs/Player.prefab using Guid(95e45171925026a4baf952ab4bde34d7) Importer(815301076,1909f56bfc062723c751e8b465ee728b)  -> (artifact id: 'a2105cd1f57e1cbb12c3080f2346348b') in 0.112562 seconds
  Import took 0.123083 seconds .

