Using pre-set license
Built from '2020.2/release' branch; Version is '2020.2.1f1 (270dd8c3da1c) revision 2559448'; Using compiler version '192528614'; Build Type 'Release'
OS: 'Windows 10  (10.0.0) 64bit' Language: 'en' Physical Memory: 16342 MB
BatchMode: 1, IsHumanControllingUs: 0, StartBugReporterOnCrash: 0, Is64bit: 1, IsPro: 0

 COMMAND LINE ARGUMENTS:
C:\Program Files\Unity\Hub\Editor\2020.2.1f1\Editor\Unity.exe
-adb2
-batchMode
-noUpm
-name
AssetImportWorker0
-projectPath
C:/Users/ssnee/Documents/GitHub/MultiplayerCollab
-logFile
Logs/AssetImportWorker0.log
-srvPort
52211
Successfully changed project path to: C:/Users/ssnee/Documents/GitHub/MultiplayerCollab
C:/Users/ssnee/Documents/GitHub/MultiplayerCollab
Using Asset Import Pipeline V2.
Refreshing native plugins compatible for Editor in 93.01 ms, found 0 plugins.
Preloading 0 native plugins for Editor in 0.00 ms.
Initialize engine version: 2020.2.1f1 (270dd8c3da1c)
[Subsystems] Discovering subsystems at path C:/Program Files/Unity/Hub/Editor/2020.2.1f1/Editor/Data/Resources/UnitySubsystems
[Subsystems] Discovering subsystems at path C:/Users/ssnee/Documents/GitHub/MultiplayerCollab/Assets
GfxDevice: creating device client; threaded=0
Direct3D:
    Version:  Direct3D 11.0 [level 11.1]
    Renderer: NVIDIA GeForce GTX 1060 6GB (ID=0x1c03)
    Vendor:   
    VRAM:     6052 MB
    Driver:   27.21.14.6089
Initialize mono
Mono path[0] = 'C:/Program Files/Unity/Hub/Editor/2020.2.1f1/Editor/Data/Managed'
Mono path[1] = 'C:/Program Files/Unity/Hub/Editor/2020.2.1f1/Editor/Data/MonoBleedingEdge/lib/mono/unityjit'
Mono config path = 'C:/Program Files/Unity/Hub/Editor/2020.2.1f1/Editor/Data/MonoBleedingEdge/etc'
Using monoOptions --debugger-agent=transport=dt_socket,embedding=1,server=y,suspend=n,address=127.0.0.1:56528
Begin MonoManager ReloadAssembly
Registering precompiled unity dll's ...
Register platform support module: C:/Program Files/Unity/Hub/Editor/2020.2.1f1/Editor/Data/PlaybackEngines/WebGLSupport/UnityEditor.WebGL.Extensions.dll
Register platform support module: C:/Program Files/Unity/Hub/Editor/2020.2.1f1/Editor/Data/PlaybackEngines/WindowsStandaloneSupport/UnityEditor.WindowsStandalone.Extensions.dll
Registered in 0.004759 seconds.
Native extension for WindowsStandalone target not found
Native extension for WebGL target not found
Refreshing native plugins compatible for Editor in 103.04 ms, found 0 plugins.
Preloading 0 native plugins for Editor in 0.00 ms.
Invoked RoslynAnalysisRunner static constructor.
RoslynAnalysisRunner will not be running.
RoslynAnalysisRunner has terminated.
Mono: successfully reloaded assembly
- Completed reload, in  2.690 seconds
Platform modules already initialized, skipping
Registering precompiled user dll's ...
Registered in 0.004551 seconds.
Begin MonoManager ReloadAssembly
Native extension for WindowsStandalone target not found
Native extension for WebGL target not found
Refreshing native plugins compatible for Editor in 115.93 ms, found 0 plugins.
Preloading 0 native plugins for Editor in 0.00 ms.
Invoked RoslynAnalysisRunner static constructor.
RoslynAnalysisRunner will not be running.
RoslynAnalysisRunner has terminated.
Find all reader and writers took 167 milliseconds
Script Module: UnityEngine.UI.dll
Weave behaviours and messages took101 milliseconds
Find all reader and writers took 129 milliseconds
Script Module: NaughtyAttributes.Test.dll
Weave behaviours and messages took5 milliseconds
Find all reader and writers took 133 milliseconds
Script Module: Unity.RenderPipelines.Core.Runtime.dll
Weave behaviours and messages took75 milliseconds
Find all reader and writers took 164 milliseconds
Script Module: UnityEngine.TestRunner.dll
Weave behaviours and messages took32 milliseconds
Find all reader and writers took 118 milliseconds
Script Module: Unity.Mathematics.dll
Weave behaviours and messages took259 milliseconds
Find all reader and writers took 101 milliseconds
Script Module: SimpleWebTransport.dll
Weave behaviours and messages took7 milliseconds
Find all reader and writers took 128 milliseconds
Script Module: Mirror.Examples.dll
[Projectile] NetworkBehaviourProcessor
[Tank] NetworkBehaviourProcessor
[NetworkRoomPlayer] NetworkBehaviourProcessor
[NetworkRoomPlayerExt] NetworkBehaviourProcessor
[PlayerScore] NetworkBehaviourProcessor
[RandomColor] NetworkBehaviourProcessor
[Reward] NetworkBehaviourProcessor
[AddForce] NetworkBehaviourProcessor
[Ball] NetworkBehaviourProcessor
[Player] NetworkBehaviourProcessor
[MatchController] NetworkBehaviourProcessor
[PhysicsCollision] NetworkBehaviourProcessor
[PlayerController] NetworkBehaviourProcessor
[PlayerScore] NetworkBehaviourProcessor
[RandomColor] NetworkBehaviourProcessor
[Reward] NetworkBehaviourProcessor
[Player] NetworkBehaviourProcessor
[MonsterMovement] NetworkBehaviourProcessor
[PlayerMovement] NetworkBehaviourProcessor
[Player] NetworkBehaviourProcessor
[RandomColor] NetworkBehaviourProcessor
[ShootingTankBehaviour] NetworkBehaviourProcessor
Weave behaviours and messages took62 milliseconds
  ProcessSitesModule Mirror.Examples.dll elapsed time:00:00:00.0149899
Find all reader and writers took 167 milliseconds
Script Module: Unity.RenderPipelines.Universal.Runtime.dll
Weave behaviours and messages took79 milliseconds
Find all reader and writers took 152 milliseconds
Script Module: Unity.Animation.Rigging.dll
Weave behaviours and messages took28 milliseconds
Find all reader and writers took 121 milliseconds
Script Module: Unity.Burst.dll
Weave behaviours and messages took57 milliseconds
Find all reader and writers took 125 milliseconds
Script Module: NaughtyAttributes.Core.dll
Weave behaviours and messages took5 milliseconds
Find all reader and writers took 116 milliseconds
Script Module: Mirror.Components.dll
[NetworkAnimator] NetworkBehaviourProcessor
[NetworkRoomPlayer] NetworkBehaviourProcessor
[NetworkLobbyPlayer] NetworkBehaviourProcessor
[NetworkVisibility] NetworkBehaviourProcessor
[NetworkVisibility] Found NetworkBehaviour Mirror.NetworkVisibility
[NetworkVisibility] Process Start
[NetworkVisibility]   GenerateSerialization
[NetworkVisibility]   GenerateDeSerialization
[NetworkVisibility] Process Done
[NetworkMatchChecker] NetworkBehaviourProcessor
[NetworkVisibility] NetworkBehaviourProcessor
[NetworkOwnerChecker] NetworkBehaviourProcessor
[NetworkVisibility] NetworkBehaviourProcessor
[NetworkProximityChecker] NetworkBehaviourProcessor
[NetworkRoomPlayer] NetworkBehaviourProcessor
[NetworkVisibility] NetworkBehaviourProcessor
[NetworkSceneChecker] NetworkBehaviourProcessor
[NetworkTransformBase] NetworkBehaviourProcessor
[NetworkTransform] NetworkBehaviourProcessor
[NetworkTransformBase] NetworkBehaviourProcessor
[NetworkTransformBase] NetworkBehaviourProcessor
[NetworkTransformChild] NetworkBehaviourProcessor
[NetworkLerpRigidbody] NetworkBehaviourProcessor
[NetworkRigidbody] NetworkBehaviourProcessor
[NetworkRigidbody2D] NetworkBehaviourProcessor
[NetworkTransformBase] NetworkBehaviourProcessor
[NetworkTransform] NetworkBehaviourProcessor
[NetworkTransformBase] NetworkBehaviourProcessor
[NetworkTransformBase] NetworkBehaviourProcessor
[NetworkTransformChild] NetworkBehaviourProcessor
Weave behaviours and messages took58 milliseconds
  ProcessSitesModule Mirror.Components.dll elapsed time:00:00:00.0019991
Find all reader and writers took 155 milliseconds
Script Module: Unity.TextMeshPro.dll
Weave behaviours and messages took103 milliseconds
Find all reader and writers took 119 milliseconds
Script Module: Unity.ProBuilder.Poly2Tri.dll
Weave behaviours and messages took8 milliseconds
Find all reader and writers took 173 milliseconds
Script Module: Cinemachine.dll
Weave behaviours and messages took69 milliseconds
Find all reader and writers took 133 milliseconds
Script Module: Assembly-CSharp.dll
[EnableDisableComponents] NetworkBehaviourProcessor
[Lobby] NetworkBehaviourProcessor
[PlayerData] NetworkBehaviourProcessor
[PlayerMovement] NetworkBehaviourProcessor
[PlayerMovementInterpolation] NetworkBehaviourProcessor
[PlayerParkourMovement] NetworkBehaviourProcessor
[PlayerSprintSystem] NetworkBehaviourProcessor
Weave behaviours and messages took80 milliseconds
Find all reader and writers took 119 milliseconds
Script Module: Unity.Timeline.dll
Weave behaviours and messages took27 milliseconds
Find all reader and writers took 126 milliseconds
Script Module: Unity.ProBuilder.dll
Weave behaviours and messages took111 milliseconds
Find all reader and writers took 110 milliseconds
Script Module: Telepathy.dll
Weave behaviours and messages took2 milliseconds
Find all reader and writers took 125 milliseconds
Script Module: Unity.ProBuilder.Csg.dll
Weave behaviours and messages took5 milliseconds
Find all reader and writers took 125 milliseconds
Script Module: Mirror.Cloud.dll
Weave behaviours and messages took3 milliseconds
Find all reader and writers took 111 milliseconds
Script Module: kcp2k.dll
Weave behaviours and messages took8 milliseconds
Find all reader and writers took 120 milliseconds
Script Module: Mirror.Examples.Cloud.GUI.dll
Weave behaviours and messages took4 milliseconds
Find all reader and writers took 135 milliseconds
Script Module: Mirror.Examples.Cloud.Pong.dll
[Ball] NetworkBehaviourProcessor
[BallManager] NetworkBehaviourProcessor
[Player] NetworkBehaviourProcessor
Weave behaviours and messages took23 milliseconds
  ProcessSitesModule Mirror.Examples.Cloud.Pong.dll elapsed time:00:00:00.0009987
Find all reader and writers took 113 milliseconds
Script Module: Unity.ProBuilder.KdTree.dll
Weave behaviours and messages took4 milliseconds
Find all reader and writers took 110 milliseconds
Script Module: Unity.RenderPipelines.Core.ShaderLibrary.dll
Weave behaviours and messages took0 milliseconds
Find all reader and writers took 112 milliseconds
Script Module: Unity.RenderPipeline.Universal.ShaderLibrary.dll
Weave behaviours and messages took0 milliseconds
Find all reader and writers took 142 milliseconds
Script Module: Mirror.Authenticators.dll
Weave behaviours and messages took28 milliseconds
  ProcessSitesModule Mirror.Authenticators.dll elapsed time:00:00:00.0009989
Find all reader and writers took 106 milliseconds
Script Module: Unity.ProBuilder.Stl.dll
Weave behaviours and messages took1 milliseconds
Find all reader and writers took 114 milliseconds
Script Module: Unity.RenderPipelines.Universal.Shaders.dll
Weave behaviours and messages took0 milliseconds
Find all reader and writers took 113 milliseconds
Script Module: Unity.RenderPipelines.ShaderGraph.ShaderGraphLibrary.dll
Weave behaviours and messages took0 milliseconds
Find all reader and writers took 156 milliseconds
Script Module: com.unity.cinemachine.editor.dll
Weave behaviours and messages took52 milliseconds
Find all reader and writers took 166 milliseconds
Script Module: UnityEditor.TestRunner.dll
Weave behaviours and messages took43 milliseconds
Find all reader and writers took 177 milliseconds
Script Module: ParrelSync.dll
Weave behaviours and messages took5 milliseconds
Find all reader and writers took 163 milliseconds
Script Module: Unity.ProBuilder.AssetIdRemapUtility.dll
Weave behaviours and messages took4 milliseconds
Find all reader and writers took 120 milliseconds
Script Module: Mirror.CompilerSymbols.dll
Weave behaviours and messages took0 milliseconds
Find all reader and writers took 152 milliseconds
Script Module: UnityEditor.UI.dll
Weave behaviours and messages took14 milliseconds
Find all reader and writers took 150 milliseconds
Script Module: Unity.ShaderGraph.Utilities.dll
Weave behaviours and messages took0 milliseconds
Mono: successfully reloaded assembly
- Completed reload, in 17.149 seconds
Platform modules already initialized, skipping
========================================================================
Worker process is ready to serve import requests
Shader 'Universal Render Pipeline/Particles/Lit': fallback shader 'Universal Render Pipeline/Particles/SimpleLit' not found
Shader 'Universal Render Pipeline/Particles/Lit': fallback shader 'Universal Render Pipeline/Particles/SimpleLit' not found
Launched and connected shader compiler UnityShaderCompiler.exe after 0.04 seconds
Refreshing native plugins compatible for Editor in 0.88 ms, found 0 plugins.
Preloading 0 native plugins for Editor in 0.00 ms.
Unloading 3637 Unused Serialized files (Serialized files now loaded: 0)
System memory in use before: 159.0 MB.
System memory in use after: 157.0 MB.

Unloading 189 unused Assets to reduce memory usage. Loaded Objects now: 4029.
Total: 7.960400 ms (FindLiveObjects: 0.327800 ms CreateObjectMapping: 0.139400 ms MarkObjects: 5.603800 ms  DeleteObjects: 1.887900 ms)

========================================================================
Received Import Request.
  path: Assets/Prefabs/Player.prefab
  artifactKey: Guid(95e45171925026a4baf952ab4bde34d7) Importer(815301076,1909f56bfc062723c751e8b465ee728b)
Start importing Assets/Prefabs/Player.prefab using Guid(95e45171925026a4baf952ab4bde34d7) Importer(815301076,1909f56bfc062723c751e8b465ee728b)  -> (artifact id: '2249e10b70a0e8546d349708ef04cc37') in 0.560986 seconds
  Import took 0.570755 seconds .

========================================================================
Received Prepare
Registering precompiled user dll's ...
Registered in 0.009321 seconds.
Begin MonoManager ReloadAssembly
Native extension for WindowsStandalone target not found
Native extension for WebGL target not found
Refreshing native plugins compatible for Editor in 0.93 ms, found 0 plugins.
Preloading 0 native plugins for Editor in 0.00 ms.
Warning: Annotation not found!
UnityEngine.StackTraceUtility:ExtractStackTrace ()
UnityEditor.ProBuilder.EditorUtility:SetGizmoIconEnabled (System.Type,bool) (at Library/PackageCache/com.unity.probuilder@4.4.0/Editor/EditorCore/EditorUtility.cs:593)
UnityEditor.ProBuilder.HierarchyListener:.cctor () (at Library/PackageCache/com.unity.probuilder@4.4.0/Editor/EditorCore/HierarchyListener.cs:21)
System.Runtime.CompilerServices.RuntimeHelpers:RunClassConstructor (System.RuntimeTypeHandle)
UnityEditor.EditorAssemblies:ProcessInitializeOnLoadAttributes (System.Type[])

[Library/PackageCache/com.unity.probuilder@4.4.0/Editor/EditorCore/EditorUtility.cs line 593]

Invoked RoslynAnalysisRunner static constructor.
RoslynAnalysisRunner will not be running.
RoslynAnalysisRunner has terminated.
Mono: successfully reloaded assembly
- Completed reload, in  1.690 seconds
Platform modules already initialized, skipping
Shader 'Universal Render Pipeline/Particles/Lit': fallback shader 'Universal Render Pipeline/Particles/SimpleLit' not found
Shader 'Universal Render Pipeline/Particles/Lit': fallback shader 'Universal Render Pipeline/Particles/SimpleLit' not found
Refreshing native plugins compatible for Editor in 0.81 ms, found 0 plugins.
Preloading 0 native plugins for Editor in 0.00 ms.
Unloading 3513 Unused Serialized files (Serialized files now loaded: 0)
System memory in use before: 169.7 MB.
System memory in use after: 167.6 MB.

Unloading 52 unused Assets to reduce memory usage. Loaded Objects now: 4078.
Total: 7.902800 ms (FindLiveObjects: 0.342200 ms CreateObjectMapping: 0.140300 ms MarkObjects: 5.941900 ms  DeleteObjects: 1.476700 ms)

========================================================================
Received Import Request.
  Time since last request: 455.575959 seconds.
  path: Assets/Prefabs/PlayerUI.prefab
  artifactKey: Guid(191ac739b3c37f646945f41c9e0c2430) Importer(815301076,1909f56bfc062723c751e8b465ee728b)
Start importing Assets/Prefabs/PlayerUI.prefab using Guid(191ac739b3c37f646945f41c9e0c2430) Importer(815301076,1909f56bfc062723c751e8b465ee728b)  -> (artifact id: '98cc70659783aa8a7cc85409cad2c323') in 0.098541 seconds
  Import took 0.106637 seconds .

========================================================================
Received Import Request.
  Time since last request: 43.567521 seconds.
  path: Assets/Prefabs/PlayerUI.prefab
  artifactKey: Guid(191ac739b3c37f646945f41c9e0c2430) Importer(815301076,1909f56bfc062723c751e8b465ee728b)
Start importing Assets/Prefabs/PlayerUI.prefab using Guid(191ac739b3c37f646945f41c9e0c2430) Importer(815301076,1909f56bfc062723c751e8b465ee728b)  -> (artifact id: 'c9557644385a0010c9f44e06f6865f72') in 0.028837 seconds
  Import took 0.036281 seconds .

========================================================================
Received Import Request.
  Time since last request: 10.539806 seconds.
  path: Assets/Prefabs/PlayerUI.prefab
  artifactKey: Guid(191ac739b3c37f646945f41c9e0c2430) Importer(815301076,1909f56bfc062723c751e8b465ee728b)
Start importing Assets/Prefabs/PlayerUI.prefab using Guid(191ac739b3c37f646945f41c9e0c2430) Importer(815301076,1909f56bfc062723c751e8b465ee728b)  -> (artifact id: 'e5d2417375300e33041397196a1add9e') in 0.027805 seconds
  Import took 0.036405 seconds .

========================================================================
Received Import Request.
  Time since last request: 1.767620 seconds.
  path: Assets/Prefabs/PlayerUI.prefab
  artifactKey: Guid(191ac739b3c37f646945f41c9e0c2430) Importer(815301076,1909f56bfc062723c751e8b465ee728b)
Start importing Assets/Prefabs/PlayerUI.prefab using Guid(191ac739b3c37f646945f41c9e0c2430) Importer(815301076,1909f56bfc062723c751e8b465ee728b)  -> (artifact id: 'ecb5af301101a9f37ebd12e3d01e529d') in 0.044902 seconds
  Import took 0.059318 seconds .

========================================================================
Received Import Request.
  Time since last request: 1.574801 seconds.
  path: Assets/Prefabs/PlayerUI.prefab
  artifactKey: Guid(191ac739b3c37f646945f41c9e0c2430) Importer(815301076,1909f56bfc062723c751e8b465ee728b)
Start importing Assets/Prefabs/PlayerUI.prefab using Guid(191ac739b3c37f646945f41c9e0c2430) Importer(815301076,1909f56bfc062723c751e8b465ee728b)  -> (artifact id: '3620bd4e4ffadfbbeca8e2ff27267b80') in 0.027498 seconds
  Import took 0.034417 seconds .

========================================================================
Received Import Request.
  Time since last request: 2.010205 seconds.
  path: Assets/Prefabs/PlayerUI.prefab
  artifactKey: Guid(191ac739b3c37f646945f41c9e0c2430) Importer(815301076,1909f56bfc062723c751e8b465ee728b)
Start importing Assets/Prefabs/PlayerUI.prefab using Guid(191ac739b3c37f646945f41c9e0c2430) Importer(815301076,1909f56bfc062723c751e8b465ee728b)  -> (artifact id: '7e96864fa84152c8b2ac66c162954df7') in 0.029215 seconds
  Import took 0.036479 seconds .

========================================================================
Received Import Request.
  Time since last request: 1.841673 seconds.
  path: Assets/Prefabs/PlayerUI.prefab
  artifactKey: Guid(191ac739b3c37f646945f41c9e0c2430) Importer(815301076,1909f56bfc062723c751e8b465ee728b)
Start importing Assets/Prefabs/PlayerUI.prefab using Guid(191ac739b3c37f646945f41c9e0c2430) Importer(815301076,1909f56bfc062723c751e8b465ee728b)  -> (artifact id: '46ccbcc5565dbc6ef3841431b3d8dcad') in 0.027731 seconds
  Import took 0.036169 seconds .

========================================================================
Received Import Request.
  Time since last request: 2.029027 seconds.
  path: Assets/Prefabs/PlayerUI.prefab
  artifactKey: Guid(191ac739b3c37f646945f41c9e0c2430) Importer(815301076,1909f56bfc062723c751e8b465ee728b)
Start importing Assets/Prefabs/PlayerUI.prefab using Guid(191ac739b3c37f646945f41c9e0c2430) Importer(815301076,1909f56bfc062723c751e8b465ee728b)  -> (artifact id: '12d59c0d267ad3a681ef5a137996a77d') in 0.028606 seconds
  Import took 0.036333 seconds .

========================================================================
Received Import Request.
  Time since last request: 1.584801 seconds.
  path: Assets/Prefabs/PlayerUI.prefab
  artifactKey: Guid(191ac739b3c37f646945f41c9e0c2430) Importer(815301076,1909f56bfc062723c751e8b465ee728b)
Start importing Assets/Prefabs/PlayerUI.prefab using Guid(191ac739b3c37f646945f41c9e0c2430) Importer(815301076,1909f56bfc062723c751e8b465ee728b)  -> (artifact id: '0826d1d9b0e161cd478a8b33c79e4dff') in 0.046012 seconds
  Import took 0.064198 seconds .

========================================================================
Received Import Request.
  Time since last request: 48.178109 seconds.
  path: Assets/Prefabs/PlayerUI.prefab
  artifactKey: Guid(191ac739b3c37f646945f41c9e0c2430) Importer(815301076,1909f56bfc062723c751e8b465ee728b)
Start importing Assets/Prefabs/PlayerUI.prefab using Guid(191ac739b3c37f646945f41c9e0c2430) Importer(815301076,1909f56bfc062723c751e8b465ee728b)  -> (artifact id: '234502b419f4ad0ec46bebae322c226d') in 0.028806 seconds
  Import took 0.036450 seconds .

========================================================================
Received Import Request.
  Time since last request: 1.791507 seconds.
  path: Assets/Prefabs/PlayerUI.prefab
  artifactKey: Guid(191ac739b3c37f646945f41c9e0c2430) Importer(815301076,1909f56bfc062723c751e8b465ee728b)
Start importing Assets/Prefabs/PlayerUI.prefab using Guid(191ac739b3c37f646945f41c9e0c2430) Importer(815301076,1909f56bfc062723c751e8b465ee728b)  -> (artifact id: '5e173a401a501a3f1c94aa59ff76804b') in 0.028928 seconds
  Import took 0.036011 seconds .

========================================================================
Received Import Request.
  Time since last request: 6.467484 seconds.
  path: Assets/Prefabs/PlayerUI.prefab
  artifactKey: Guid(191ac739b3c37f646945f41c9e0c2430) Importer(815301076,1909f56bfc062723c751e8b465ee728b)
Start importing Assets/Prefabs/PlayerUI.prefab using Guid(191ac739b3c37f646945f41c9e0c2430) Importer(815301076,1909f56bfc062723c751e8b465ee728b)  -> (artifact id: '1fcc33460acf25e9f2c6ad2f1ae54c89') in 0.030566 seconds
  Import took 0.038417 seconds .

========================================================================
Received Import Request.
  Time since last request: 1.578630 seconds.
  path: Assets/Prefabs/PlayerUI.prefab
  artifactKey: Guid(191ac739b3c37f646945f41c9e0c2430) Importer(815301076,1909f56bfc062723c751e8b465ee728b)
Start importing Assets/Prefabs/PlayerUI.prefab using Guid(191ac739b3c37f646945f41c9e0c2430) Importer(815301076,1909f56bfc062723c751e8b465ee728b)  -> (artifact id: '966fe612a0e2d52f696e50b73b4e7c3e') in 0.049138 seconds
  Import took 0.060762 seconds .

========================================================================
Received Import Request.
  Time since last request: 1.173612 seconds.
  path: Assets/Prefabs/PlayerUI.prefab
  artifactKey: Guid(191ac739b3c37f646945f41c9e0c2430) Importer(815301076,1909f56bfc062723c751e8b465ee728b)
Start importing Assets/Prefabs/PlayerUI.prefab using Guid(191ac739b3c37f646945f41c9e0c2430) Importer(815301076,1909f56bfc062723c751e8b465ee728b)  -> (artifact id: 'e338250d5a12503d3e54240ea2335f37') in 0.027640 seconds
  Import took 0.035205 seconds .

========================================================================
Received Import Request.
  Time since last request: 1.385227 seconds.
  path: Assets/Prefabs/PlayerUI.prefab
  artifactKey: Guid(191ac739b3c37f646945f41c9e0c2430) Importer(815301076,1909f56bfc062723c751e8b465ee728b)
Start importing Assets/Prefabs/PlayerUI.prefab using Guid(191ac739b3c37f646945f41c9e0c2430) Importer(815301076,1909f56bfc062723c751e8b465ee728b)  -> (artifact id: '25d1a5fa5494ca9695aa8e853984f645') in 0.028143 seconds
  Import took 0.036571 seconds .

========================================================================
Received Import Request.
  Time since last request: 5.068729 seconds.
  path: Assets/Prefabs/PlayerUI.prefab
  artifactKey: Guid(191ac739b3c37f646945f41c9e0c2430) Importer(815301076,1909f56bfc062723c751e8b465ee728b)
Start importing Assets/Prefabs/PlayerUI.prefab using Guid(191ac739b3c37f646945f41c9e0c2430) Importer(815301076,1909f56bfc062723c751e8b465ee728b)  -> (artifact id: '4b127428fea86d5a1a76b1743c4fa084') in 0.027571 seconds
  Import took 0.035297 seconds .

========================================================================
Received Import Request.
  Time since last request: 8.398382 seconds.
  path: Assets/Prefabs/PlayerUI.prefab
  artifactKey: Guid(191ac739b3c37f646945f41c9e0c2430) Importer(815301076,1909f56bfc062723c751e8b465ee728b)
Start importing Assets/Prefabs/PlayerUI.prefab using Guid(191ac739b3c37f646945f41c9e0c2430) Importer(815301076,1909f56bfc062723c751e8b465ee728b)  -> (artifact id: 'db879a50723bf4dea653dc5fe11db4c7') in 0.027900 seconds
  Import took 0.035193 seconds .

========================================================================
Received Import Request.
  Time since last request: 7.440762 seconds.
  path: Assets/Prefabs/PlayerUI.prefab
  artifactKey: Guid(191ac739b3c37f646945f41c9e0c2430) Importer(815301076,1909f56bfc062723c751e8b465ee728b)
Start importing Assets/Prefabs/PlayerUI.prefab using Guid(191ac739b3c37f646945f41c9e0c2430) Importer(815301076,1909f56bfc062723c751e8b465ee728b)  -> (artifact id: '79fa5ed8ebbada7bba42f0ea272215f8') in 0.035611 seconds
  Import took 0.043287 seconds .

========================================================================
Received Import Request.
  Time since last request: 6.274999 seconds.
  path: Assets/Prefabs/PlayerUI.prefab
  artifactKey: Guid(191ac739b3c37f646945f41c9e0c2430) Importer(815301076,1909f56bfc062723c751e8b465ee728b)
Start importing Assets/Prefabs/PlayerUI.prefab using Guid(191ac739b3c37f646945f41c9e0c2430) Importer(815301076,1909f56bfc062723c751e8b465ee728b)  -> (artifact id: '65002c99d70da4d5a24429d385f9d95a') in 0.028630 seconds
  Import took 0.035563 seconds .

========================================================================
Received Import Request.
  Time since last request: 3.431904 seconds.
  path: Assets/Prefabs/PlayerUI.prefab
  artifactKey: Guid(191ac739b3c37f646945f41c9e0c2430) Importer(815301076,1909f56bfc062723c751e8b465ee728b)
Start importing Assets/Prefabs/PlayerUI.prefab using Guid(191ac739b3c37f646945f41c9e0c2430) Importer(815301076,1909f56bfc062723c751e8b465ee728b)  -> (artifact id: 'd4c4cc0f84d3c321630279b4882d1a03') in 0.027160 seconds
  Import took 0.033935 seconds .

========================================================================
Received Import Request.
  Time since last request: 0.594494 seconds.
  path: Assets/Prefabs/PlayerUI.prefab
  artifactKey: Guid(191ac739b3c37f646945f41c9e0c2430) Importer(815301076,1909f56bfc062723c751e8b465ee728b)
Start importing Assets/Prefabs/PlayerUI.prefab using Guid(191ac739b3c37f646945f41c9e0c2430) Importer(815301076,1909f56bfc062723c751e8b465ee728b)  -> (artifact id: '5f3c43488fa9672834756840077579b4') in 0.028087 seconds
  Import took 0.035170 seconds .

========================================================================
Received Import Request.
  Time since last request: 73.155552 seconds.
  path: Assets/Prefabs/PlayerUI.prefab
  artifactKey: Guid(191ac739b3c37f646945f41c9e0c2430) Importer(815301076,1909f56bfc062723c751e8b465ee728b)
Start importing Assets/Prefabs/PlayerUI.prefab using Guid(191ac739b3c37f646945f41c9e0c2430) Importer(815301076,1909f56bfc062723c751e8b465ee728b)  -> (artifact id: 'e410dd751e1c044a6d2441dade1e756d') in 0.029646 seconds
  Import took 0.038960 seconds .

========================================================================
Received Import Request.
  Time since last request: 16.676530 seconds.
  path: Assets/Prefabs/PlayerUI.prefab
  artifactKey: Guid(191ac739b3c37f646945f41c9e0c2430) Importer(815301076,1909f56bfc062723c751e8b465ee728b)
Start importing Assets/Prefabs/PlayerUI.prefab using Guid(191ac739b3c37f646945f41c9e0c2430) Importer(815301076,1909f56bfc062723c751e8b465ee728b)  -> (artifact id: '89c0d98f839c87a774ce23ea09693614') in 0.028111 seconds
  Import took 0.035952 seconds .

========================================================================
Received Import Request.
  Time since last request: 0.957456 seconds.
  path: Assets/Prefabs/PlayerUI.prefab
  artifactKey: Guid(191ac739b3c37f646945f41c9e0c2430) Importer(815301076,1909f56bfc062723c751e8b465ee728b)
Start importing Assets/Prefabs/PlayerUI.prefab using Guid(191ac739b3c37f646945f41c9e0c2430) Importer(815301076,1909f56bfc062723c751e8b465ee728b)  -> (artifact id: 'bd4f37a16257b776de8e1c4449b9583b') in 0.027754 seconds
  Import took 0.035239 seconds .

========================================================================
Received Import Request.
  Time since last request: 0.858068 seconds.
  path: Assets/Prefabs/PlayerUI.prefab
  artifactKey: Guid(191ac739b3c37f646945f41c9e0c2430) Importer(815301076,1909f56bfc062723c751e8b465ee728b)
Start importing Assets/Prefabs/PlayerUI.prefab using Guid(191ac739b3c37f646945f41c9e0c2430) Importer(815301076,1909f56bfc062723c751e8b465ee728b)  -> (artifact id: '8590487fcb8535006992fdada6ea134f') in 0.033099 seconds
  Import took 0.040227 seconds .

========================================================================
Received Import Request.
  Time since last request: 25.288855 seconds.
  path: Assets/Prefabs/PlayerUI.prefab
  artifactKey: Guid(191ac739b3c37f646945f41c9e0c2430) Importer(815301076,1909f56bfc062723c751e8b465ee728b)
Start importing Assets/Prefabs/PlayerUI.prefab using Guid(191ac739b3c37f646945f41c9e0c2430) Importer(815301076,1909f56bfc062723c751e8b465ee728b)  -> (artifact id: '17d6fc0030ae9f9aad122b09cd68a1b3') in 0.032083 seconds
  Import took 0.039198 seconds .

========================================================================
Received Import Request.
  Time since last request: 6.719736 seconds.
  path: Assets/Prefabs/PlayerUI.prefab
  artifactKey: Guid(191ac739b3c37f646945f41c9e0c2430) Importer(815301076,1909f56bfc062723c751e8b465ee728b)
Start importing Assets/Prefabs/PlayerUI.prefab using Guid(191ac739b3c37f646945f41c9e0c2430) Importer(815301076,1909f56bfc062723c751e8b465ee728b)  -> (artifact id: 'fd38e12f1bab1d7cef3c43a6d95701eb') in 0.028548 seconds
  Import took 0.042666 seconds .

========================================================================
Received Import Request.
  Time since last request: 88.062198 seconds.
  path: Assets/Prefabs/PlayerUI.prefab
  artifactKey: Guid(191ac739b3c37f646945f41c9e0c2430) Importer(815301076,1909f56bfc062723c751e8b465ee728b)
Start importing Assets/Prefabs/PlayerUI.prefab using Guid(191ac739b3c37f646945f41c9e0c2430) Importer(815301076,1909f56bfc062723c751e8b465ee728b)  -> (artifact id: '37c25305c23d1fa5d1d827073113a250') in 0.029083 seconds
  Import took 0.036778 seconds .

========================================================================
Received Import Request.
  Time since last request: 0.359174 seconds.
  path: Assets/Prefabs/PlayerUI.prefab
  artifactKey: Guid(191ac739b3c37f646945f41c9e0c2430) Importer(815301076,1909f56bfc062723c751e8b465ee728b)
Start importing Assets/Prefabs/PlayerUI.prefab using Guid(191ac739b3c37f646945f41c9e0c2430) Importer(815301076,1909f56bfc062723c751e8b465ee728b)  -> (artifact id: 'a938a13d7fbf2f15e7569dac43a5a536') in 0.028004 seconds
  Import took 0.036494 seconds .

========================================================================
Received Import Request.
  Time since last request: 6.072877 seconds.
  path: Assets/Prefabs/PlayerUI.prefab
  artifactKey: Guid(191ac739b3c37f646945f41c9e0c2430) Importer(815301076,1909f56bfc062723c751e8b465ee728b)
Start importing Assets/Prefabs/PlayerUI.prefab using Guid(191ac739b3c37f646945f41c9e0c2430) Importer(815301076,1909f56bfc062723c751e8b465ee728b)  -> (artifact id: 'fad9cb274ce3a696854ee8d17a3bc6f9') in 0.032850 seconds
  Import took 0.040733 seconds .

========================================================================
Received Import Request.
  Time since last request: 0.771461 seconds.
  path: Assets/Prefabs/PlayerUI.prefab
  artifactKey: Guid(191ac739b3c37f646945f41c9e0c2430) Importer(815301076,1909f56bfc062723c751e8b465ee728b)
Start importing Assets/Prefabs/PlayerUI.prefab using Guid(191ac739b3c37f646945f41c9e0c2430) Importer(815301076,1909f56bfc062723c751e8b465ee728b)  -> (artifact id: '9032f252f6fa9f9652c367eb116f887a') in 0.028848 seconds
  Import took 0.036855 seconds .

========================================================================
Received Import Request.
  Time since last request: 2.799140 seconds.
  path: Assets/Prefabs/PlayerUI.prefab
  artifactKey: Guid(191ac739b3c37f646945f41c9e0c2430) Importer(815301076,1909f56bfc062723c751e8b465ee728b)
Start importing Assets/Prefabs/PlayerUI.prefab using Guid(191ac739b3c37f646945f41c9e0c2430) Importer(815301076,1909f56bfc062723c751e8b465ee728b)  -> (artifact id: '6c8764fa0d0deaadba63cd31014f6cf7') in 0.027516 seconds
  Import took 0.034112 seconds .

========================================================================
Received Import Request.
  Time since last request: 1.807498 seconds.
  path: Assets/Prefabs/PlayerUI.prefab
  artifactKey: Guid(191ac739b3c37f646945f41c9e0c2430) Importer(815301076,1909f56bfc062723c751e8b465ee728b)
Start importing Assets/Prefabs/PlayerUI.prefab using Guid(191ac739b3c37f646945f41c9e0c2430) Importer(815301076,1909f56bfc062723c751e8b465ee728b)  -> (artifact id: 'cec912d89814ca5a92b159d1936ec1f8') in 0.034658 seconds
  Import took 0.046681 seconds .

========================================================================
Received Prepare
Registering precompiled user dll's ...
Registered in 0.004613 seconds.
Begin MonoManager ReloadAssembly
Native extension for WindowsStandalone target not found
Native extension for WebGL target not found
Refreshing native plugins compatible for Editor in 0.74 ms, found 0 plugins.
Preloading 0 native plugins for Editor in 0.00 ms.
Warning: Annotation not found!
UnityEngine.StackTraceUtility:ExtractStackTrace ()
UnityEditor.ProBuilder.EditorUtility:SetGizmoIconEnabled (System.Type,bool) (at Library/PackageCache/com.unity.probuilder@4.4.0/Editor/EditorCore/EditorUtility.cs:593)
UnityEditor.ProBuilder.HierarchyListener:.cctor () (at Library/PackageCache/com.unity.probuilder@4.4.0/Editor/EditorCore/HierarchyListener.cs:21)
System.Runtime.CompilerServices.RuntimeHelpers:RunClassConstructor (System.RuntimeTypeHandle)
UnityEditor.EditorAssemblies:ProcessInitializeOnLoadAttributes (System.Type[])

[Library/PackageCache/com.unity.probuilder@4.4.0/Editor/EditorCore/EditorUtility.cs line 593]

Invoked RoslynAnalysisRunner static constructor.
RoslynAnalysisRunner will not be running.
RoslynAnalysisRunner has terminated.
Mono: successfully reloaded assembly
- Completed reload, in  1.714 seconds
Platform modules already initialized, skipping
Shader 'Universal Render Pipeline/Particles/Lit': fallback shader 'Universal Render Pipeline/Particles/SimpleLit' not found
Shader 'Universal Render Pipeline/Particles/Lit': fallback shader 'Universal Render Pipeline/Particles/SimpleLit' not found
Refreshing native plugins compatible for Editor in 0.76 ms, found 0 plugins.
Preloading 0 native plugins for Editor in 0.00 ms.
Unloading 3513 Unused Serialized files (Serialized files now loaded: 0)
System memory in use before: 169.8 MB.
System memory in use after: 167.7 MB.

Unloading 52 unused Assets to reduce memory usage. Loaded Objects now: 4080.
Total: 6.482200 ms (FindLiveObjects: 0.322200 ms CreateObjectMapping: 0.130600 ms MarkObjects: 4.529100 ms  DeleteObjects: 1.499000 ms)

========================================================================
Received Import Request.
  Time since last request: 649.263922 seconds.
  path: Assets/Scripts/MenuSystem.cs
  artifactKey: Guid(2eec327374eadfe4a90e04a0364982ee) Importer(815301076,1909f56bfc062723c751e8b465ee728b)
Start importing Assets/Scripts/MenuSystem.cs using Guid(2eec327374eadfe4a90e04a0364982ee) Importer(815301076,1909f56bfc062723c751e8b465ee728b)  -> (artifact id: '9e80706ca729fc3c0cbb3aacbf43322d') in 0.018649 seconds
  Import took 0.025829 seconds .

========================================================================
Received Import Request.
  Time since last request: 1.148653 seconds.
  path: Assets/Scripts/PlayerData.cs
  artifactKey: Guid(2f75f50baefed6a4cb3fb06ab9109ee8) Importer(815301076,1909f56bfc062723c751e8b465ee728b)
Start importing Assets/Scripts/PlayerData.cs using Guid(2f75f50baefed6a4cb3fb06ab9109ee8) Importer(815301076,1909f56bfc062723c751e8b465ee728b)  -> (artifact id: 'bd2eebf1b391a6851680c545963c9e9a') in 0.009605 seconds
  Import took 0.017215 seconds .

========================================================================
Received Import Request.
  Time since last request: 4.916637 seconds.
  path: Assets/Scripts/PlayerSprintSystem.cs
  artifactKey: Guid(56b251769d4303a46bd5b65c42a4ce56) Importer(815301076,1909f56bfc062723c751e8b465ee728b)
Start importing Assets/Scripts/PlayerSprintSystem.cs using Guid(56b251769d4303a46bd5b65c42a4ce56) Importer(815301076,1909f56bfc062723c751e8b465ee728b)  -> (artifact id: 'd641bd4105ab866562f672e3b9ffa872') in 0.009055 seconds
  Import took 0.015861 seconds .

========================================================================
Received Prepare
Registering precompiled user dll's ...
Registered in 0.005042 seconds.
Begin MonoManager ReloadAssembly
Native extension for WindowsStandalone target not found
Native extension for WebGL target not found
Refreshing native plugins compatible for Editor in 0.75 ms, found 0 plugins.
Preloading 0 native plugins for Editor in 0.00 ms.
Warning: Annotation not found!
UnityEngine.StackTraceUtility:ExtractStackTrace ()
UnityEditor.ProBuilder.EditorUtility:SetGizmoIconEnabled (System.Type,bool) (at Library/PackageCache/com.unity.probuilder@4.4.0/Editor/EditorCore/EditorUtility.cs:593)
UnityEditor.ProBuilder.HierarchyListener:.cctor () (at Library/PackageCache/com.unity.probuilder@4.4.0/Editor/EditorCore/HierarchyListener.cs:21)
System.Runtime.CompilerServices.RuntimeHelpers:RunClassConstructor (System.RuntimeTypeHandle)
UnityEditor.EditorAssemblies:ProcessInitializeOnLoadAttributes (System.Type[])

[Library/PackageCache/com.unity.probuilder@4.4.0/Editor/EditorCore/EditorUtility.cs line 593]

Invoked RoslynAnalysisRunner static constructor.
RoslynAnalysisRunner will not be running.
RoslynAnalysisRunner has terminated.
Mono: successfully reloaded assembly
- Completed reload, in  1.719 seconds
Platform modules already initialized, skipping
Shader 'Universal Render Pipeline/Particles/Lit': fallback shader 'Universal Render Pipeline/Particles/SimpleLit' not found
Shader 'Universal Render Pipeline/Particles/Lit': fallback shader 'Universal Render Pipeline/Particles/SimpleLit' not found
Refreshing native plugins compatible for Editor in 0.76 ms, found 0 plugins.
Preloading 0 native plugins for Editor in 0.00 ms.
Unloading 3513 Unused Serialized files (Serialized files now loaded: 0)
System memory in use before: 169.8 MB.
System memory in use after: 167.7 MB.

Unloading 52 unused Assets to reduce memory usage. Loaded Objects now: 4082.
Total: 6.546200 ms (FindLiveObjects: 0.333400 ms CreateObjectMapping: 0.132900 ms MarkObjects: 4.618200 ms  DeleteObjects: 1.460000 ms)

========================================================================
Received Import Request.
  Time since last request: 197.475904 seconds.
  path: Assets/Mirror/Examples/Room/Scenes/OfflineScene.unity
  artifactKey: Guid(9e6f14982412b2545a0911ebaaa46a23) Importer(815301076,1909f56bfc062723c751e8b465ee728b)
Start importing Assets/Mirror/Examples/Room/Scenes/OfflineScene.unity using Guid(9e6f14982412b2545a0911ebaaa46a23) Importer(815301076,1909f56bfc062723c751e8b465ee728b)  -> (artifact id: '6e2b3b9a79f702c55d7d2c5bfada337d') in 0.014248 seconds
  Import took 0.021799 seconds .

========================================================================
Received Import Request.
  Time since last request: 0.616303 seconds.
  path: Assets/Mirror/Examples/Room/Scenes/OnlineScene.unity
  artifactKey: Guid(d7a6763559b31854586c9e49916273ef) Importer(815301076,1909f56bfc062723c751e8b465ee728b)
Start importing Assets/Mirror/Examples/Room/Scenes/OnlineScene.unity using Guid(d7a6763559b31854586c9e49916273ef) Importer(815301076,1909f56bfc062723c751e8b465ee728b)  -> (artifact id: 'c8d2f7b262f38638ac17e1e7e9367b86') in 0.011046 seconds
  Import took 0.018262 seconds .

========================================================================
Received Import Request.
  Time since last request: 0.457280 seconds.
  path: Assets/Mirror/Examples/Room/Scenes/RoomScene.unity
  artifactKey: Guid(48478f4d522f96945b8396f376299d3a) Importer(815301076,1909f56bfc062723c751e8b465ee728b)
Start importing Assets/Mirror/Examples/Room/Scenes/RoomScene.unity using Guid(48478f4d522f96945b8396f376299d3a) Importer(815301076,1909f56bfc062723c751e8b465ee728b)  -> (artifact id: 'e429adb566fd72417a5fa68a15b0b48a') in 0.009906 seconds
  Import took 0.016612 seconds .

========================================================================
Received Prepare
Registering precompiled user dll's ...
Registered in 0.004922 seconds.
Begin MonoManager ReloadAssembly
Native extension for WindowsStandalone target not found
Native extension for WebGL target not found
Refreshing native plugins compatible for Editor in 0.76 ms, found 0 plugins.
Preloading 0 native plugins for Editor in 0.00 ms.
Warning: Annotation not found!
UnityEngine.StackTraceUtility:ExtractStackTrace ()
UnityEditor.ProBuilder.EditorUtility:SetGizmoIconEnabled (System.Type,bool) (at Library/PackageCache/com.unity.probuilder@4.4.0/Editor/EditorCore/EditorUtility.cs:593)
UnityEditor.ProBuilder.HierarchyListener:.cctor () (at Library/PackageCache/com.unity.probuilder@4.4.0/Editor/EditorCore/HierarchyListener.cs:21)
System.Runtime.CompilerServices.RuntimeHelpers:RunClassConstructor (System.RuntimeTypeHandle)
UnityEditor.EditorAssemblies:ProcessInitializeOnLoadAttributes (System.Type[])

[Library/PackageCache/com.unity.probuilder@4.4.0/Editor/EditorCore/EditorUtility.cs line 593]

Invoked RoslynAnalysisRunner static constructor.
RoslynAnalysisRunner will not be running.
RoslynAnalysisRunner has terminated.
Mono: successfully reloaded assembly
- Completed reload, in  1.568 seconds
Platform modules already initialized, skipping
Shader 'Universal Render Pipeline/Particles/Lit': fallback shader 'Universal Render Pipeline/Particles/SimpleLit' not found
Shader 'Universal Render Pipeline/Particles/Lit': fallback shader 'Universal Render Pipeline/Particles/SimpleLit' not found
Refreshing native plugins compatible for Editor in 0.75 ms, found 0 plugins.
Preloading 0 native plugins for Editor in 0.00 ms.
Unloading 3513 Unused Serialized files (Serialized files now loaded: 0)
System memory in use before: 169.8 MB.
System memory in use after: 167.7 MB.

Unloading 52 unused Assets to reduce memory usage. Loaded Objects now: 4084.
Total: 10.181500 ms (FindLiveObjects: 0.349500 ms CreateObjectMapping: 0.207000 ms MarkObjects: 7.468000 ms  DeleteObjects: 2.155300 ms)

========================================================================
Received Import Request.
  Time since last request: 68.268562 seconds.
  path: Assets/Scripts/Networking/CustomNetworkManager.cs
  artifactKey: Guid(1401af6a26a0d6648980cf67740b13b7) Importer(815301076,1909f56bfc062723c751e8b465ee728b)
Start importing Assets/Scripts/Networking/CustomNetworkManager.cs using Guid(1401af6a26a0d6648980cf67740b13b7) Importer(815301076,1909f56bfc062723c751e8b465ee728b)  -> (artifact id: '797e72ff0f64c563a2c242ce199259bf') in 0.015156 seconds
  Import took 0.022926 seconds .

========================================================================
Received Import Request.
  Time since last request: 8.965596 seconds.
  path: Assets/Scenes/Lobby/LightingData.asset
  artifactKey: Guid(9a52f8d6c4c186c44991f75b3c794c04) Importer(815301076,1909f56bfc062723c751e8b465ee728b)
Start importing Assets/Scenes/Lobby/LightingData.asset using Guid(9a52f8d6c4c186c44991f75b3c794c04) Importer(815301076,1909f56bfc062723c751e8b465ee728b)  -> (artifact id: '7fbb322c217ee467b313382468e94a25') in 0.018883 seconds
  Import took 0.030479 seconds .

========================================================================
Received Import Request.
  Time since last request: 0.000202 seconds.
  path: Assets/Scenes/Lobby/ReflectionProbe-0.exr
  artifactKey: Guid(8113a39b4d5f84746b6ad2eb43dec877) Importer(815301076,1909f56bfc062723c751e8b465ee728b)
Start importing Assets/Scenes/Lobby/ReflectionProbe-0.exr using Guid(8113a39b4d5f84746b6ad2eb43dec877) Importer(815301076,1909f56bfc062723c751e8b465ee728b)  -> (artifact id: '83b24bbbf48785c4f9d9ba68b7c46342') in 0.086974 seconds
  Import took 0.100055 seconds .

========================================================================
Received Import Request.
  Time since last request: 0.000211 seconds.
  path: Assets/Scenes/Lobby
  artifactKey: Guid(4a34e9603d54dd54cab3079a5c7139dd) Importer(815301076,1909f56bfc062723c751e8b465ee728b)
Start importing Assets/Scenes/Lobby using Guid(4a34e9603d54dd54cab3079a5c7139dd) Importer(815301076,1909f56bfc062723c751e8b465ee728b)  -> (artifact id: '2988182c9006e428e62b0c22b28d7b56') in 0.011543 seconds
  Import took 0.022695 seconds .

========================================================================
Received Import Request.
  Time since last request: 2.162304 seconds.
  path: Assets/Scenes/Lobby.unity
  artifactKey: Guid(22a6de46717a196418fdfac74c054981) Importer(815301076,1909f56bfc062723c751e8b465ee728b)
Start importing Assets/Scenes/Lobby.unity using Guid(22a6de46717a196418fdfac74c054981) Importer(815301076,1909f56bfc062723c751e8b465ee728b)  -> (artifact id: '0558b807a4b85341e7d9b48073cd4eda') in 0.011098 seconds
  Import took 0.018752 seconds .

========================================================================
Received Import Request.
  Time since last request: 1.982101 seconds.
  path: Assets/Scenes/SampleSceneLightingSettings.lighting
  artifactKey: Guid(477cc4148fad3449482a3bc3178594e2) Importer(815301076,1909f56bfc062723c751e8b465ee728b)
Start importing Assets/Scenes/SampleSceneLightingSettings.lighting using Guid(477cc4148fad3449482a3bc3178594e2) Importer(815301076,1909f56bfc062723c751e8b465ee728b)  -> (artifact id: 'cf537dd6ed16a538efcb3dc96dd5dfa1') in 0.012011 seconds
  Import took 0.018608 seconds .

========================================================================
Received Import Request.
  Time since last request: 0.008176 seconds.
  path: Assets/Scenes/SampleSceneLightingSettings.lighting
  artifactKey: Guid(477cc4148fad3449482a3bc3178594e2) Importer(815301076,1909f56bfc062723c751e8b465ee728b)
Start importing Assets/Scenes/SampleSceneLightingSettings.lighting using Guid(477cc4148fad3449482a3bc3178594e2) Importer(815301076,1909f56bfc062723c751e8b465ee728b)  -> (artifact id: 'cf537dd6ed16a538efcb3dc96dd5dfa1') in 0.004714 seconds
  Import took 0.011921 seconds .

========================================================================
Received Prepare
Registering precompiled user dll's ...
Registered in 0.004756 seconds.
Begin MonoManager ReloadAssembly
Native extension for WindowsStandalone target not found
Native extension for WebGL target not found
Refreshing native plugins compatible for Editor in 1.17 ms, found 0 plugins.
Preloading 0 native plugins for Editor in 0.00 ms.
Warning: Annotation not found!
UnityEngine.StackTraceUtility:ExtractStackTrace ()
UnityEditor.ProBuilder.EditorUtility:SetGizmoIconEnabled (System.Type,bool) (at Library/PackageCache/com.unity.probuilder@4.4.0/Editor/EditorCore/EditorUtility.cs:593)
UnityEditor.ProBuilder.HierarchyListener:.cctor () (at Library/PackageCache/com.unity.probuilder@4.4.0/Editor/EditorCore/HierarchyListener.cs:21)
System.Runtime.CompilerServices.RuntimeHelpers:RunClassConstructor (System.RuntimeTypeHandle)
UnityEditor.EditorAssemblies:ProcessInitializeOnLoadAttributes (System.Type[])

[Library/PackageCache/com.unity.probuilder@4.4.0/Editor/EditorCore/EditorUtility.cs line 593]

Invoked RoslynAnalysisRunner static constructor.
RoslynAnalysisRunner will not be running.
RoslynAnalysisRunner has terminated.
Mono: successfully reloaded assembly
- Completed reload, in  1.912 seconds
Platform modules already initialized, skipping
Shader 'Universal Render Pipeline/Particles/Lit': fallback shader 'Universal Render Pipeline/Particles/SimpleLit' not found
Shader 'Universal Render Pipeline/Particles/Lit': fallback shader 'Universal Render Pipeline/Particles/SimpleLit' not found
Refreshing native plugins compatible for Editor in 0.76 ms, found 0 plugins.
Preloading 0 native plugins for Editor in 0.00 ms.
Unloading 3513 Unused Serialized files (Serialized files now loaded: 0)
System memory in use before: 170.1 MB.
System memory in use after: 168.0 MB.

Unloading 52 unused Assets to reduce memory usage. Loaded Objects now: 4112.
Total: 6.953200 ms (FindLiveObjects: 0.332400 ms CreateObjectMapping: 0.137100 ms MarkObjects: 4.900000 ms  DeleteObjects: 1.582200 ms)

========================================================================
Received Prepare
Registering precompiled user dll's ...
Registered in 0.009768 seconds.
Begin MonoManager ReloadAssembly
Native extension for WindowsStandalone target not found
Native extension for WebGL target not found
Refreshing native plugins compatible for Editor in 1.10 ms, found 0 plugins.
Preloading 0 native plugins for Editor in 0.00 ms.
Warning: Annotation not found!
UnityEngine.StackTraceUtility:ExtractStackTrace ()
UnityEditor.ProBuilder.EditorUtility:SetGizmoIconEnabled (System.Type,bool) (at Library/PackageCache/com.unity.probuilder@4.4.0/Editor/EditorCore/EditorUtility.cs:593)
UnityEditor.ProBuilder.HierarchyListener:.cctor () (at Library/PackageCache/com.unity.probuilder@4.4.0/Editor/EditorCore/HierarchyListener.cs:21)
System.Runtime.CompilerServices.RuntimeHelpers:RunClassConstructor (System.RuntimeTypeHandle)
UnityEditor.EditorAssemblies:ProcessInitializeOnLoadAttributes (System.Type[])

[Library/PackageCache/com.unity.probuilder@4.4.0/Editor/EditorCore/EditorUtility.cs line 593]

Invoked RoslynAnalysisRunner static constructor.
RoslynAnalysisRunner will not be running.
RoslynAnalysisRunner has terminated.
Mono: successfully reloaded assembly
- Completed reload, in  1.994 seconds
Platform modules already initialized, skipping
Shader 'Universal Render Pipeline/Particles/Lit': fallback shader 'Universal Render Pipeline/Particles/SimpleLit' not found
Shader 'Universal Render Pipeline/Particles/Lit': fallback shader 'Universal Render Pipeline/Particles/SimpleLit' not found
Refreshing native plugins compatible for Editor in 0.78 ms, found 0 plugins.
Preloading 0 native plugins for Editor in 0.00 ms.
Unloading 3513 Unused Serialized files (Serialized files now loaded: 0)
System memory in use before: 170.1 MB.
System memory in use after: 168.0 MB.

Unloading 52 unused Assets to reduce memory usage. Loaded Objects now: 4114.
Total: 12.584400 ms (FindLiveObjects: 0.506800 ms CreateObjectMapping: 0.146100 ms MarkObjects: 9.893200 ms  DeleteObjects: 2.036400 ms)

========================================================================
Received Prepare
Registering precompiled user dll's ...
Registered in 0.004652 seconds.
Begin MonoManager ReloadAssembly
Native extension for WindowsStandalone target not found
Native extension for WebGL target not found
Refreshing native plugins compatible for Editor in 1.13 ms, found 0 plugins.
Preloading 0 native plugins for Editor in 0.00 ms.
Warning: Annotation not found!
UnityEngine.StackTraceUtility:ExtractStackTrace ()
UnityEditor.ProBuilder.EditorUtility:SetGizmoIconEnabled (System.Type,bool) (at Library/PackageCache/com.unity.probuilder@4.4.0/Editor/EditorCore/EditorUtility.cs:593)
UnityEditor.ProBuilder.HierarchyListener:.cctor () (at Library/PackageCache/com.unity.probuilder@4.4.0/Editor/EditorCore/HierarchyListener.cs:21)
System.Runtime.CompilerServices.RuntimeHelpers:RunClassConstructor (System.RuntimeTypeHandle)
UnityEditor.EditorAssemblies:ProcessInitializeOnLoadAttributes (System.Type[])

[Library/PackageCache/com.unity.probuilder@4.4.0/Editor/EditorCore/EditorUtility.cs line 593]

Invoked RoslynAnalysisRunner static constructor.
RoslynAnalysisRunner will not be running.
RoslynAnalysisRunner has terminated.
Mono: successfully reloaded assembly
- Completed reload, in  1.750 seconds
Platform modules already initialized, skipping
Shader 'Universal Render Pipeline/Particles/Lit': fallback shader 'Universal Render Pipeline/Particles/SimpleLit' not found
Shader 'Universal Render Pipeline/Particles/Lit': fallback shader 'Universal Render Pipeline/Particles/SimpleLit' not found
Refreshing native plugins compatible for Editor in 0.79 ms, found 0 plugins.
Preloading 0 native plugins for Editor in 0.00 ms.
Unloading 3513 Unused Serialized files (Serialized files now loaded: 0)
System memory in use before: 170.1 MB.
System memory in use after: 168.0 MB.

Unloading 52 unused Assets to reduce memory usage. Loaded Objects now: 4116.
Total: 8.404300 ms (FindLiveObjects: 0.644000 ms CreateObjectMapping: 0.231000 ms MarkObjects: 5.875900 ms  DeleteObjects: 1.651500 ms)

========================================================================
Received Prepare
Registering precompiled user dll's ...
Registered in 0.004816 seconds.
Begin MonoManager ReloadAssembly
Native extension for WindowsStandalone target not found
Native extension for WebGL target not found
Refreshing native plugins compatible for Editor in 1.06 ms, found 0 plugins.
Preloading 0 native plugins for Editor in 0.00 ms.
Warning: Annotation not found!
UnityEngine.StackTraceUtility:ExtractStackTrace ()
UnityEditor.ProBuilder.EditorUtility:SetGizmoIconEnabled (System.Type,bool) (at Library/PackageCache/com.unity.probuilder@4.4.0/Editor/EditorCore/EditorUtility.cs:593)
UnityEditor.ProBuilder.HierarchyListener:.cctor () (at Library/PackageCache/com.unity.probuilder@4.4.0/Editor/EditorCore/HierarchyListener.cs:21)
System.Runtime.CompilerServices.RuntimeHelpers:RunClassConstructor (System.RuntimeTypeHandle)
UnityEditor.EditorAssemblies:ProcessInitializeOnLoadAttributes (System.Type[])

[Library/PackageCache/com.unity.probuilder@4.4.0/Editor/EditorCore/EditorUtility.cs line 593]

Invoked RoslynAnalysisRunner static constructor.
RoslynAnalysisRunner will not be running.
RoslynAnalysisRunner has terminated.
Mono: successfully reloaded assembly
- Completed reload, in  1.802 seconds
Platform modules already initialized, skipping
Shader 'Universal Render Pipeline/Particles/Lit': fallback shader 'Universal Render Pipeline/Particles/SimpleLit' not found
Shader 'Universal Render Pipeline/Particles/Lit': fallback shader 'Universal Render Pipeline/Particles/SimpleLit' not found
Refreshing native plugins compatible for Editor in 0.78 ms, found 0 plugins.
Preloading 0 native plugins for Editor in 0.00 ms.
Unloading 3513 Unused Serialized files (Serialized files now loaded: 0)
System memory in use before: 170.1 MB.
System memory in use after: 168.0 MB.

Unloading 52 unused Assets to reduce memory usage. Loaded Objects now: 4118.
Total: 8.140000 ms (FindLiveObjects: 0.618900 ms CreateObjectMapping: 0.184400 ms MarkObjects: 5.683000 ms  DeleteObjects: 1.652000 ms)

========================================================================
Received Import Request.
  Time since last request: 197.293146 seconds.
  path: Assets/Prefabs/PlayerUI.prefab
  artifactKey: Guid(191ac739b3c37f646945f41c9e0c2430) Importer(815301076,1909f56bfc062723c751e8b465ee728b)
Start importing Assets/Prefabs/PlayerUI.prefab using Guid(191ac739b3c37f646945f41c9e0c2430) Importer(815301076,1909f56bfc062723c751e8b465ee728b)  -> (artifact id: '62cb994f2b1b2303dd16f6951e4b72b8') in 0.112564 seconds
  Import took 0.124423 seconds .

========================================================================
Received Prepare
Registering precompiled user dll's ...
Registered in 0.005675 seconds.
Begin MonoManager ReloadAssembly
Native extension for WindowsStandalone target not found
Native extension for WebGL target not found
Refreshing native plugins compatible for Editor in 1.45 ms, found 0 plugins.
Preloading 0 native plugins for Editor in 0.00 ms.
Warning: Annotation not found!
UnityEngine.StackTraceUtility:ExtractStackTrace ()
UnityEditor.ProBuilder.EditorUtility:SetGizmoIconEnabled (System.Type,bool) (at Library/PackageCache/com.unity.probuilder@4.4.0/Editor/EditorCore/EditorUtility.cs:593)
UnityEditor.ProBuilder.HierarchyListener:.cctor () (at Library/PackageCache/com.unity.probuilder@4.4.0/Editor/EditorCore/HierarchyListener.cs:21)
System.Runtime.CompilerServices.RuntimeHelpers:RunClassConstructor (System.RuntimeTypeHandle)
UnityEditor.EditorAssemblies:ProcessInitializeOnLoadAttributes (System.Type[])

[Library/PackageCache/com.unity.probuilder@4.4.0/Editor/EditorCore/EditorUtility.cs line 593]

Invoked RoslynAnalysisRunner static constructor.
RoslynAnalysisRunner will not be running.
RoslynAnalysisRunner has terminated.
Mono: successfully reloaded assembly
- Completed reload, in  1.779 seconds
Platform modules already initialized, skipping
Shader 'Universal Render Pipeline/Particles/Lit': fallback shader 'Universal Render Pipeline/Particles/SimpleLit' not found
Shader 'Universal Render Pipeline/Particles/Lit': fallback shader 'Universal Render Pipeline/Particles/SimpleLit' not found
Refreshing native plugins compatible for Editor in 0.78 ms, found 0 plugins.
Preloading 0 native plugins for Editor in 0.00 ms.
Unloading 3513 Unused Serialized files (Serialized files now loaded: 0)
System memory in use before: 170.1 MB.
System memory in use after: 168.0 MB.

Unloading 52 unused Assets to reduce memory usage. Loaded Objects now: 4120.
Total: 8.257700 ms (FindLiveObjects: 0.427800 ms CreateObjectMapping: 0.135400 ms MarkObjects: 5.548800 ms  DeleteObjects: 2.143000 ms)

========================================================================
Received Import Request.
  Time since last request: 44.870173 seconds.
  path: Assets/Prefabs/PlayerUI.prefab
  artifactKey: Guid(191ac739b3c37f646945f41c9e0c2430) Importer(815301076,1909f56bfc062723c751e8b465ee728b)
Start importing Assets/Prefabs/PlayerUI.prefab using Guid(191ac739b3c37f646945f41c9e0c2430) Importer(815301076,1909f56bfc062723c751e8b465ee728b)  -> (artifact id: '12b10ed66c17c099ab0a3f0dc3c5f644') in 0.130110 seconds
  Import took 0.138191 seconds .

========================================================================
Received Prepare
Registering precompiled user dll's ...
Registered in 0.006633 seconds.
Begin MonoManager ReloadAssembly
Native extension for WindowsStandalone target not found
Native extension for WebGL target not found
Refreshing native plugins compatible for Editor in 1.54 ms, found 0 plugins.
Preloading 0 native plugins for Editor in 0.00 ms.
Warning: Annotation not found!
UnityEngine.StackTraceUtility:ExtractStackTrace ()
UnityEditor.ProBuilder.EditorUtility:SetGizmoIconEnabled (System.Type,bool) (at Library/PackageCache/com.unity.probuilder@4.4.0/Editor/EditorCore/EditorUtility.cs:593)
UnityEditor.ProBuilder.HierarchyListener:.cctor () (at Library/PackageCache/com.unity.probuilder@4.4.0/Editor/EditorCore/HierarchyListener.cs:21)
System.Runtime.CompilerServices.RuntimeHelpers:RunClassConstructor (System.RuntimeTypeHandle)
UnityEditor.EditorAssemblies:ProcessInitializeOnLoadAttributes (System.Type[])

[Library/PackageCache/com.unity.probuilder@4.4.0/Editor/EditorCore/EditorUtility.cs line 593]

Invoked RoslynAnalysisRunner static constructor.
RoslynAnalysisRunner will not be running.
RoslynAnalysisRunner has terminated.
Mono: successfully reloaded assembly
- Completed reload, in  1.772 seconds
Platform modules already initialized, skipping
Shader 'Universal Render Pipeline/Particles/Lit': fallback shader 'Universal Render Pipeline/Particles/SimpleLit' not found
Shader 'Universal Render Pipeline/Particles/Lit': fallback shader 'Universal Render Pipeline/Particles/SimpleLit' not found
Refreshing native plugins compatible for Editor in 0.77 ms, found 0 plugins.
Preloading 0 native plugins for Editor in 0.00 ms.
Unloading 3513 Unused Serialized files (Serialized files now loaded: 0)
System memory in use before: 170.1 MB.
System memory in use after: 168.0 MB.

Unloading 52 unused Assets to reduce memory usage. Loaded Objects now: 4122.
Total: 8.604500 ms (FindLiveObjects: 0.372700 ms CreateObjectMapping: 0.144600 ms MarkObjects: 6.326100 ms  DeleteObjects: 1.759300 ms)

========================================================================
Received Prepare
Registering precompiled user dll's ...
Registered in 0.004569 seconds.
Begin MonoManager ReloadAssembly
Native extension for WindowsStandalone target not found
Native extension for WebGL target not found
Refreshing native plugins compatible for Editor in 0.75 ms, found 0 plugins.
Preloading 0 native plugins for Editor in 0.00 ms.
Warning: Annotation not found!
UnityEngine.StackTraceUtility:ExtractStackTrace ()
UnityEditor.ProBuilder.EditorUtility:SetGizmoIconEnabled (System.Type,bool) (at Library/PackageCache/com.unity.probuilder@4.4.0/Editor/EditorCore/EditorUtility.cs:593)
UnityEditor.ProBuilder.HierarchyListener:.cctor () (at Library/PackageCache/com.unity.probuilder@4.4.0/Editor/EditorCore/HierarchyListener.cs:21)
System.Runtime.CompilerServices.RuntimeHelpers:RunClassConstructor (System.RuntimeTypeHandle)
UnityEditor.EditorAssemblies:ProcessInitializeOnLoadAttributes (System.Type[])

[Library/PackageCache/com.unity.probuilder@4.4.0/Editor/EditorCore/EditorUtility.cs line 593]

Invoked RoslynAnalysisRunner static constructor.
RoslynAnalysisRunner will not be running.
RoslynAnalysisRunner has terminated.
Mono: successfully reloaded assembly
- Completed reload, in  1.806 seconds
Platform modules already initialized, skipping
Shader 'Universal Render Pipeline/Particles/Lit': fallback shader 'Universal Render Pipeline/Particles/SimpleLit' not found
Shader 'Universal Render Pipeline/Particles/Lit': fallback shader 'Universal Render Pipeline/Particles/SimpleLit' not found
Refreshing native plugins compatible for Editor in 1.16 ms, found 0 plugins.
Preloading 0 native plugins for Editor in 0.00 ms.
Unloading 3513 Unused Serialized files (Serialized files now loaded: 0)
System memory in use before: 170.2 MB.
System memory in use after: 168.0 MB.

Unloading 52 unused Assets to reduce memory usage. Loaded Objects now: 4124.
Total: 9.827400 ms (FindLiveObjects: 0.466300 ms CreateObjectMapping: 0.161400 ms MarkObjects: 6.659000 ms  DeleteObjects: 2.538600 ms)

========================================================================
Received Import Request.
  Time since last request: 1296.977081 seconds.
  path: Assets/Prefabs/PlayerUI.prefab
  artifactKey: Guid(191ac739b3c37f646945f41c9e0c2430) Importer(815301076,1909f56bfc062723c751e8b465ee728b)
Start importing Assets/Prefabs/PlayerUI.prefab using Guid(191ac739b3c37f646945f41c9e0c2430) Importer(815301076,1909f56bfc062723c751e8b465ee728b)  -> (artifact id: '13498715fbc2a0605759ba8b19fa7c3a') in 0.100369 seconds
  Import took 0.112992 seconds .

========================================================================
Received Prepare
Registering precompiled user dll's ...
Registered in 0.004605 seconds.
Begin MonoManager ReloadAssembly
Native extension for WindowsStandalone target not found
Native extension for WebGL target not found
Refreshing native plugins compatible for Editor in 0.76 ms, found 0 plugins.
Preloading 0 native plugins for Editor in 0.00 ms.
Warning: Annotation not found!
UnityEngine.StackTraceUtility:ExtractStackTrace ()
UnityEditor.ProBuilder.EditorUtility:SetGizmoIconEnabled (System.Type,bool) (at Library/PackageCache/com.unity.probuilder@4.4.0/Editor/EditorCore/EditorUtility.cs:593)
UnityEditor.ProBuilder.HierarchyListener:.cctor () (at Library/PackageCache/com.unity.probuilder@4.4.0/Editor/EditorCore/HierarchyListener.cs:21)
System.Runtime.CompilerServices.RuntimeHelpers:RunClassConstructor (System.RuntimeTypeHandle)
UnityEditor.EditorAssemblies:ProcessInitializeOnLoadAttributes (System.Type[])

[Library/PackageCache/com.unity.probuilder@4.4.0/Editor/EditorCore/EditorUtility.cs line 593]

Invoked RoslynAnalysisRunner static constructor.
RoslynAnalysisRunner will not be running.
RoslynAnalysisRunner has terminated.
Mono: successfully reloaded assembly
- Completed reload, in  1.821 seconds
Platform modules already initialized, skipping
Shader 'Universal Render Pipeline/Particles/Lit': fallback shader 'Universal Render Pipeline/Particles/SimpleLit' not found
Shader 'Universal Render Pipeline/Particles/Lit': fallback shader 'Universal Render Pipeline/Particles/SimpleLit' not found
Refreshing native plugins compatible for Editor in 1.27 ms, found 0 plugins.
Preloading 0 native plugins for Editor in 0.00 ms.
Unloading 3513 Unused Serialized files (Serialized files now loaded: 0)
System memory in use before: 170.2 MB.
System memory in use after: 168.0 MB.

Unloading 52 unused Assets to reduce memory usage. Loaded Objects now: 4126.
Total: 7.180000 ms (FindLiveObjects: 0.437500 ms CreateObjectMapping: 0.134600 ms MarkObjects: 4.989300 ms  DeleteObjects: 1.617000 ms)

========================================================================
Received Prepare
Registering precompiled user dll's ...
Registered in 0.005203 seconds.
Begin MonoManager ReloadAssembly
Native extension for WindowsStandalone target not found
Native extension for WebGL target not found
Refreshing native plugins compatible for Editor in 0.80 ms, found 0 plugins.
Preloading 0 native plugins for Editor in 0.00 ms.
Warning: Annotation not found!
UnityEngine.StackTraceUtility:ExtractStackTrace ()
UnityEditor.ProBuilder.EditorUtility:SetGizmoIconEnabled (System.Type,bool) (at Library/PackageCache/com.unity.probuilder@4.4.0/Editor/EditorCore/EditorUtility.cs:593)
UnityEditor.ProBuilder.HierarchyListener:.cctor () (at Library/PackageCache/com.unity.probuilder@4.4.0/Editor/EditorCore/HierarchyListener.cs:21)
System.Runtime.CompilerServices.RuntimeHelpers:RunClassConstructor (System.RuntimeTypeHandle)
UnityEditor.EditorAssemblies:ProcessInitializeOnLoadAttributes (System.Type[])

[Library/PackageCache/com.unity.probuilder@4.4.0/Editor/EditorCore/EditorUtility.cs line 593]

Invoked RoslynAnalysisRunner static constructor.
RoslynAnalysisRunner will not be running.
RoslynAnalysisRunner has terminated.
Mono: successfully reloaded assembly
- Completed reload, in  1.697 seconds
Platform modules already initialized, skipping
Shader 'Universal Render Pipeline/Particles/Lit': fallback shader 'Universal Render Pipeline/Particles/SimpleLit' not found
Shader 'Universal Render Pipeline/Particles/Lit': fallback shader 'Universal Render Pipeline/Particles/SimpleLit' not found
Refreshing native plugins compatible for Editor in 0.76 ms, found 0 plugins.
Preloading 0 native plugins for Editor in 0.00 ms.
Unloading 3513 Unused Serialized files (Serialized files now loaded: 0)
System memory in use before: 170.1 MB.
System memory in use after: 168.0 MB.

Unloading 52 unused Assets to reduce memory usage. Loaded Objects now: 4128.
Total: 12.229000 ms (FindLiveObjects: 0.498100 ms CreateObjectMapping: 0.253000 ms MarkObjects: 8.871100 ms  DeleteObjects: 2.604400 ms)

